[2022-12-09 05:21:19] This is codeql database index-files --include-extension=.xml --size-limit 10m --language xml -- /Users/tinny/Academics/MastersProject/RunningExample/psychic-signatures-master/codeQLDatabase
[2022-12-09 05:21:19] Log file was started late.
[2022-12-09 05:21:19] Using index-files script /Users/tinny/Academics/MastersProject/CodeQL/codeql/xml/tools/index-files.sh.
[2022-12-09 05:21:19] [PROGRESS] database index-files> Scanning for files in /Users/tinny/Academics/MastersProject/RunningExample/psychic-signatures-master...
[2022-12-09 05:21:19] Calling plumbing command: codeql resolve files --include-extension=.xml --size-limit=10m /Users/tinny/Academics/MastersProject/RunningExample/psychic-signatures-master --format=json
[2022-12-09 05:21:19] [PROGRESS] resolve files> Scanning /Users/tinny/Academics/MastersProject/RunningExample/psychic-signatures-master...
[2022-12-09 05:21:19] [PROGRESS] resolve files> Scanning /Users/tinny/Academics/MastersProject/RunningExample/psychic-signatures-master/target...
[2022-12-09 05:21:19] [PROGRESS] resolve files> Scanning /Users/tinny/Academics/MastersProject/RunningExample/psychic-signatures-master/target/test-classes...
[2022-12-09 05:21:19] [PROGRESS] resolve files> Scanning /Users/tinny/Academics/MastersProject/RunningExample/psychic-signatures-master/target/test-classes/com...
[2022-12-09 05:21:19] [PROGRESS] resolve files> Scanning /Users/tinny/Academics/MastersProject/RunningExample/psychic-signatures-master/target/test-classes/com/github...
[2022-12-09 05:21:19] [PROGRESS] resolve files> Scanning /Users/tinny/Academics/MastersProject/RunningExample/psychic-signatures-master/target/test-classes/com/github/marschall...
[2022-12-09 05:21:19] [PROGRESS] resolve files> Scanning /Users/tinny/Academics/MastersProject/RunningExample/psychic-signatures-master/target/test-classes/com/github/marschall/psychicsignatures...
[2022-12-09 05:21:19] [PROGRESS] resolve files> Scanning /Users/tinny/Academics/MastersProject/RunningExample/psychic-signatures-master/target/classes...
[2022-12-09 05:21:19] [PROGRESS] resolve files> Scanning /Users/tinny/Academics/MastersProject/RunningExample/psychic-signatures-master/gradle...
[2022-12-09 05:21:19] [PROGRESS] resolve files> Scanning /Users/tinny/Academics/MastersProject/RunningExample/psychic-signatures-master/gradle/wrapper...
[2022-12-09 05:21:19] [PROGRESS] resolve files> Scanning /Users/tinny/Academics/MastersProject/RunningExample/psychic-signatures-master/.gradle...
[2022-12-09 05:21:19] [PROGRESS] resolve files> Scanning /Users/tinny/Academics/MastersProject/RunningExample/psychic-signatures-master/.gradle/vcs-1...
[2022-12-09 05:21:19] [PROGRESS] resolve files> Scanning /Users/tinny/Academics/MastersProject/RunningExample/psychic-signatures-master/.gradle/buildOutputCleanup...
[2022-12-09 05:21:19] [PROGRESS] resolve files> Scanning /Users/tinny/Academics/MastersProject/RunningExample/psychic-signatures-master/.gradle/7.5.1...
[2022-12-09 05:21:19] [PROGRESS] resolve files> Scanning /Users/tinny/Academics/MastersProject/RunningExample/psychic-signatures-master/.gradle/7.5.1/executionHistory...
[2022-12-09 05:21:19] [PROGRESS] resolve files> Scanning /Users/tinny/Academics/MastersProject/RunningExample/psychic-signatures-master/.gradle/7.5.1/fileChanges...
[2022-12-09 05:21:19] [PROGRESS] resolve files> Scanning /Users/tinny/Academics/MastersProject/RunningExample/psychic-signatures-master/.gradle/7.5.1/dependencies-accessors...
[2022-12-09 05:21:19] [PROGRESS] resolve files> Scanning /Users/tinny/Academics/MastersProject/RunningExample/psychic-signatures-master/.gradle/7.5.1/checksums...
[2022-12-09 05:21:19] [PROGRESS] resolve files> Scanning /Users/tinny/Academics/MastersProject/RunningExample/psychic-signatures-master/.gradle/7.5.1/vcsMetadata...
[2022-12-09 05:21:19] [PROGRESS] resolve files> Scanning /Users/tinny/Academics/MastersProject/RunningExample/psychic-signatures-master/.gradle/7.5.1/fileHashes...
[2022-12-09 05:21:19] [PROGRESS] resolve files> Scanning /Users/tinny/Academics/MastersProject/RunningExample/psychic-signatures-master/build...
[2022-12-09 05:21:19] [PROGRESS] resolve files> Scanning /Users/tinny/Academics/MastersProject/RunningExample/psychic-signatures-master/build/generated...
[2022-12-09 05:21:19] [PROGRESS] resolve files> Scanning /Users/tinny/Academics/MastersProject/RunningExample/psychic-signatures-master/build/generated/sources...
[2022-12-09 05:21:19] [PROGRESS] resolve files> Scanning /Users/tinny/Academics/MastersProject/RunningExample/psychic-signatures-master/build/generated/sources/headers...
[2022-12-09 05:21:19] [PROGRESS] resolve files> Scanning /Users/tinny/Academics/MastersProject/RunningExample/psychic-signatures-master/build/generated/sources/headers/java...
[2022-12-09 05:21:19] [PROGRESS] resolve files> Scanning /Users/tinny/Academics/MastersProject/RunningExample/psychic-signatures-master/build/generated/sources/headers/java/test...
[2022-12-09 05:21:19] [PROGRESS] resolve files> Scanning /Users/tinny/Academics/MastersProject/RunningExample/psychic-signatures-master/build/generated/sources/annotationProcessor...
[2022-12-09 05:21:19] [PROGRESS] resolve files> Scanning /Users/tinny/Academics/MastersProject/RunningExample/psychic-signatures-master/build/generated/sources/annotationProcessor/java...
[2022-12-09 05:21:19] [PROGRESS] resolve files> Scanning /Users/tinny/Academics/MastersProject/RunningExample/psychic-signatures-master/build/generated/sources/annotationProcessor/java/test...
[2022-12-09 05:21:19] [PROGRESS] resolve files> Scanning /Users/tinny/Academics/MastersProject/RunningExample/psychic-signatures-master/build/classes...
[2022-12-09 05:21:19] [PROGRESS] resolve files> Scanning /Users/tinny/Academics/MastersProject/RunningExample/psychic-signatures-master/build/classes/java...
[2022-12-09 05:21:19] [PROGRESS] resolve files> Scanning /Users/tinny/Academics/MastersProject/RunningExample/psychic-signatures-master/build/classes/java/test...
[2022-12-09 05:21:19] [PROGRESS] resolve files> Scanning /Users/tinny/Academics/MastersProject/RunningExample/psychic-signatures-master/build/classes/java/test/com...
[2022-12-09 05:21:19] [PROGRESS] resolve files> Scanning /Users/tinny/Academics/MastersProject/RunningExample/psychic-signatures-master/build/classes/java/test/com/github...
[2022-12-09 05:21:19] [PROGRESS] resolve files> Scanning /Users/tinny/Academics/MastersProject/RunningExample/psychic-signatures-master/build/classes/java/test/com/github/marschall...
[2022-12-09 05:21:19] [PROGRESS] resolve files> Scanning /Users/tinny/Academics/MastersProject/RunningExample/psychic-signatures-master/build/classes/java/test/com/github/marschall/psychicsignatures...
[2022-12-09 05:21:19] [PROGRESS] resolve files> Scanning /Users/tinny/Academics/MastersProject/RunningExample/psychic-signatures-master/build/test-results...
[2022-12-09 05:21:19] [PROGRESS] resolve files> Scanning /Users/tinny/Academics/MastersProject/RunningExample/psychic-signatures-master/build/test-results/test...
[2022-12-09 05:21:19] [PROGRESS] resolve files> Scanning /Users/tinny/Academics/MastersProject/RunningExample/psychic-signatures-master/build/test-results/test/binary...
[2022-12-09 05:21:19] [PROGRESS] resolve files> Scanning /Users/tinny/Academics/MastersProject/RunningExample/psychic-signatures-master/build/tmp...
[2022-12-09 05:21:19] [PROGRESS] resolve files> Scanning /Users/tinny/Academics/MastersProject/RunningExample/psychic-signatures-master/build/tmp/test...
[2022-12-09 05:21:19] [PROGRESS] resolve files> Scanning /Users/tinny/Academics/MastersProject/RunningExample/psychic-signatures-master/build/tmp/compileTestJava...
[2022-12-09 05:21:19] [PROGRESS] resolve files> Scanning /Users/tinny/Academics/MastersProject/RunningExample/psychic-signatures-master/build/reports...
[2022-12-09 05:21:19] [PROGRESS] resolve files> Scanning /Users/tinny/Academics/MastersProject/RunningExample/psychic-signatures-master/build/reports/tests...
[2022-12-09 05:21:19] [PROGRESS] resolve files> Scanning /Users/tinny/Academics/MastersProject/RunningExample/psychic-signatures-master/build/reports/tests/test...
[2022-12-09 05:21:19] [PROGRESS] resolve files> Scanning /Users/tinny/Academics/MastersProject/RunningExample/psychic-signatures-master/build/reports/tests/test/css...
[2022-12-09 05:21:19] [PROGRESS] resolve files> Scanning /Users/tinny/Academics/MastersProject/RunningExample/psychic-signatures-master/build/reports/tests/test/js...
[2022-12-09 05:21:19] [PROGRESS] resolve files> Scanning /Users/tinny/Academics/MastersProject/RunningExample/psychic-signatures-master/psychic...
[2022-12-09 05:21:19] [PROGRESS] resolve files> Scanning /Users/tinny/Academics/MastersProject/RunningExample/psychic-signatures-master/psychic/log...
[2022-12-09 05:21:19] [PROGRESS] resolve files> Scanning /Users/tinny/Academics/MastersProject/RunningExample/psychic-signatures-master/psychic/log/ext...
[2022-12-09 05:21:19] [PROGRESS] resolve files> Scanning /Users/tinny/Academics/MastersProject/RunningExample/psychic-signatures-master/psychic/db-java...
[2022-12-09 05:21:19] [PROGRESS] resolve files> Scanning /Users/tinny/Academics/MastersProject/RunningExample/psychic-signatures-master/psychic/db-java/default...
[2022-12-09 05:21:19] [PROGRESS] resolve files> Scanning /Users/tinny/Academics/MastersProject/RunningExample/psychic-signatures-master/psychic/db-java/default/strings...
[2022-12-09 05:21:19] [PROGRESS] resolve files> Scanning /Users/tinny/Academics/MastersProject/RunningExample/psychic-signatures-master/psychic/db-java/default/pools...
[2022-12-09 05:21:19] [PROGRESS] resolve files> Scanning /Users/tinny/Academics/MastersProject/RunningExample/psychic-signatures-master/psychic/db-java/default/pools/0...
[2022-12-09 05:21:19] [PROGRESS] resolve files> Scanning /Users/tinny/Academics/MastersProject/RunningExample/psychic-signatures-master/psychic/db-java/default/pools/0/buckets...
[2022-12-09 05:21:19] [PROGRESS] resolve files> Scanning /Users/tinny/Academics/MastersProject/RunningExample/psychic-signatures-master/psychic/db-java/default/pools/0/pageDump...
[2022-12-09 05:21:19] [PROGRESS] resolve files> Scanning /Users/tinny/Academics/MastersProject/RunningExample/psychic-signatures-master/psychic/db-java/default/pools/0/metadata...
[2022-12-09 05:21:19] [PROGRESS] resolve files> Scanning /Users/tinny/Academics/MastersProject/RunningExample/psychic-signatures-master/psychic/db-java/default/pools/1...
[2022-12-09 05:21:19] [PROGRESS] resolve files> Scanning /Users/tinny/Academics/MastersProject/RunningExample/psychic-signatures-master/psychic/db-java/default/pools/1/buckets...
[2022-12-09 05:21:19] [PROGRESS] resolve files> Scanning /Users/tinny/Academics/MastersProject/RunningExample/psychic-signatures-master/psychic/db-java/default/pools/1/pageDump...
[2022-12-09 05:21:19] [PROGRESS] resolve files> Scanning /Users/tinny/Academics/MastersProject/RunningExample/psychic-signatures-master/psychic/db-java/default/pools/1/ids1...
[2022-12-09 05:21:19] [PROGRESS] resolve files> Scanning /Users/tinny/Academics/MastersProject/RunningExample/psychic-signatures-master/psychic/db-java/default/pools/1/metadata...
[2022-12-09 05:21:19] [PROGRESS] resolve files> Scanning /Users/tinny/Academics/MastersProject/RunningExample/psychic-signatures-master/psychic/db-java/default/pools/1/indices1...
[2022-12-09 05:21:19] [PROGRESS] resolve files> Scanning /Users/tinny/Academics/MastersProject/RunningExample/psychic-signatures-master/psychic/db-java/default/cache...
[2022-12-09 05:21:19] [PROGRESS] resolve files> Scanning /Users/tinny/Academics/MastersProject/RunningExample/psychic-signatures-master/psychic/db-java/default/cache/cached-strings...
[2022-12-09 05:21:19] [PROGRESS] resolve files> Scanning /Users/tinny/Academics/MastersProject/RunningExample/psychic-signatures-master/psychic/db-java/default/cache/cached-strings/pools...
[2022-12-09 05:21:19] [PROGRESS] resolve files> Scanning /Users/tinny/Academics/MastersProject/RunningExample/psychic-signatures-master/psychic/db-java/default/cache/cached-strings/pools/0...
[2022-12-09 05:21:19] [PROGRESS] resolve files> Scanning /Users/tinny/Academics/MastersProject/RunningExample/psychic-signatures-master/psychic/db-java/default/cache/cached-strings/pools/0/buckets...
[2022-12-09 05:21:19] [PROGRESS] resolve files> Scanning /Users/tinny/Academics/MastersProject/RunningExample/psychic-signatures-master/psychic/db-java/default/cache/cached-strings/pools/0/pageDump...
[2022-12-09 05:21:19] [PROGRESS] resolve files> Scanning /Users/tinny/Academics/MastersProject/RunningExample/psychic-signatures-master/psychic/db-java/default/cache/cached-strings/pools/0/ids1...
[2022-12-09 05:21:19] [PROGRESS] resolve files> Scanning /Users/tinny/Academics/MastersProject/RunningExample/psychic-signatures-master/psychic/db-java/default/cache/cached-strings/pools/0/metadata...
[2022-12-09 05:21:19] [PROGRESS] resolve files> Scanning /Users/tinny/Academics/MastersProject/RunningExample/psychic-signatures-master/psychic/db-java/default/cache/cached-strings/pools/0/indices1...
[2022-12-09 05:21:19] [PROGRESS] resolve files> Scanning /Users/tinny/Academics/MastersProject/RunningExample/psychic-signatures-master/psychic/db-java/default/cache/cached-strings/tuple-pool...
[2022-12-09 05:21:19] [PROGRESS] resolve files> Scanning /Users/tinny/Academics/MastersProject/RunningExample/psychic-signatures-master/codeQLDatabase...
[2022-12-09 05:21:19] [PROGRESS] resolve files> Scanning /Users/tinny/Academics/MastersProject/RunningExample/psychic-signatures-master/codeQLDatabase/working...
[2022-12-09 05:21:19] [PROGRESS] resolve files> Scanning /Users/tinny/Academics/MastersProject/RunningExample/psychic-signatures-master/codeQLDatabase/working/copy-root...
[2022-12-09 05:21:19] [PROGRESS] resolve files> Scanning /Users/tinny/Academics/MastersProject/RunningExample/psychic-signatures-master/codeQLDatabase/working/copy-root/000001F5...
[2022-12-09 05:21:19] [PROGRESS] resolve files> Scanning /Users/tinny/Academics/MastersProject/RunningExample/psychic-signatures-master/codeQLDatabase/working/copy-root/000001F5/usr...
[2022-12-09 05:21:19] [PROGRESS] resolve files> Scanning /Users/tinny/Academics/MastersProject/RunningExample/psychic-signatures-master/codeQLDatabase/working/copy-root/000001F5/usr/bin...
[2022-12-09 05:21:19] [PROGRESS] resolve files> Scanning /Users/tinny/Academics/MastersProject/RunningExample/psychic-signatures-master/codeQLDatabase/working/copy-root/000001F5/bin...
[2022-12-09 05:21:19] [PROGRESS] resolve files> Scanning /Users/tinny/Academics/MastersProject/RunningExample/psychic-signatures-master/codeQLDatabase/working/copy-root/000001F5/Library...
[2022-12-09 05:21:19] [PROGRESS] resolve files> Scanning /Users/tinny/Academics/MastersProject/RunningExample/psychic-signatures-master/codeQLDatabase/working/copy-root/000001F5/Library/Java...
[2022-12-09 05:21:19] [PROGRESS] resolve files> Scanning /Users/tinny/Academics/MastersProject/RunningExample/psychic-signatures-master/codeQLDatabase/working/copy-root/000001F5/Library/Java/JavaVirtualMachines...
[2022-12-09 05:21:19] [PROGRESS] resolve files> Scanning /Users/tinny/Academics/MastersProject/RunningExample/psychic-signatures-master/codeQLDatabase/working/copy-root/000001F5/Library/Java/JavaVirtualMachines/jdk-17.0.2.jdk...
[2022-12-09 05:21:19] [PROGRESS] resolve files> Scanning /Users/tinny/Academics/MastersProject/RunningExample/psychic-signatures-master/codeQLDatabase/working/copy-root/000001F5/Library/Java/JavaVirtualMachines/jdk-17.0.2.jdk/Contents...
[2022-12-09 05:21:19] [PROGRESS] resolve files> Scanning /Users/tinny/Academics/MastersProject/RunningExample/psychic-signatures-master/codeQLDatabase/working/copy-root/000001F5/Library/Java/JavaVirtualMachines/jdk-17.0.2.jdk/Contents/Home...
[2022-12-09 05:21:19] [PROGRESS] resolve files> Scanning /Users/tinny/Academics/MastersProject/RunningExample/psychic-signatures-master/codeQLDatabase/working/copy-root/000001F5/Library/Java/JavaVirtualMachines/jdk-17.0.2.jdk/Contents/Home/bin...
[2022-12-09 05:21:19] [PROGRESS] resolve files> Scanning /Users/tinny/Academics/MastersProject/RunningExample/psychic-signatures-master/codeQLDatabase/working/copy-root/000001F5/Library/Java/JavaVirtualMachines/jdk-17.0.2.jdk/Contents/Home/lib...
[2022-12-09 05:21:19] [PROGRESS] resolve files> Scanning /Users/tinny/Academics/MastersProject/RunningExample/psychic-signatures-master/codeQLDatabase/trap...
[2022-12-09 05:21:19] [PROGRESS] resolve files> Scanning /Users/tinny/Academics/MastersProject/RunningExample/psychic-signatures-master/codeQLDatabase/trap/java...
[2022-12-09 05:21:19] [PROGRESS] resolve files> Scanning /Users/tinny/Academics/MastersProject/RunningExample/psychic-signatures-master/codeQLDatabase/trap/java/jars...
[2022-12-09 05:21:19] [PROGRESS] resolve files> Scanning /Users/tinny/Academics/MastersProject/RunningExample/psychic-signatures-master/codeQLDatabase/trap/java/jars/Users...
[2022-12-09 05:21:19] [PROGRESS] resolve files> Scanning /Users/tinny/Academics/MastersProject/RunningExample/psychic-signatures-master/codeQLDatabase/trap/java/jars/Users/tinny...
[2022-12-09 05:21:19] [PROGRESS] resolve files> Scanning /Users/tinny/Academics/MastersProject/RunningExample/psychic-signatures-master/codeQLDatabase/trap/java/jars/Users/tinny/.m2...
[2022-12-09 05:21:19] [PROGRESS] resolve files> Scanning /Users/tinny/Academics/MastersProject/RunningExample/psychic-signatures-master/codeQLDatabase/trap/java/jars/Users/tinny/.m2/repository...
[2022-12-09 05:21:19] [PROGRESS] resolve files> Scanning /Users/tinny/Academics/MastersProject/RunningExample/psychic-signatures-master/codeQLDatabase/trap/java/jars/Users/tinny/.m2/repository/org...
[2022-12-09 05:21:19] [PROGRESS] resolve files> Scanning /Users/tinny/Academics/MastersProject/RunningExample/psychic-signatures-master/codeQLDatabase/trap/java/jars/Users/tinny/.m2/repository/org/junit...
[2022-12-09 05:21:19] [PROGRESS] resolve files> Scanning /Users/tinny/Academics/MastersProject/RunningExample/psychic-signatures-master/codeQLDatabase/trap/java/jars/Users/tinny/.m2/repository/org/junit/platform...
[2022-12-09 05:21:19] [PROGRESS] resolve files> Scanning /Users/tinny/Academics/MastersProject/RunningExample/psychic-signatures-master/codeQLDatabase/trap/java/jars/Users/tinny/.m2/repository/org/junit/platform/junit-platform-commons...
[2022-12-09 05:21:19] [PROGRESS] resolve files> Scanning /Users/tinny/Academics/MastersProject/RunningExample/psychic-signatures-master/codeQLDatabase/trap/java/jars/Users/tinny/.m2/repository/org/junit/platform/junit-platform-commons/1.8.2...
[2022-12-09 05:21:19] [PROGRESS] resolve files> Scanning /Users/tinny/Academics/MastersProject/RunningExample/psychic-signatures-master/codeQLDatabase/trap/java/jars/Users/tinny/.m2/repository/org/junit/jupiter...
[2022-12-09 05:21:19] [PROGRESS] resolve files> Scanning /Users/tinny/Academics/MastersProject/RunningExample/psychic-signatures-master/codeQLDatabase/trap/java/jars/Users/tinny/.m2/repository/org/junit/jupiter/junit-jupiter-api...
[2022-12-09 05:21:19] [PROGRESS] resolve files> Scanning /Users/tinny/Academics/MastersProject/RunningExample/psychic-signatures-master/codeQLDatabase/trap/java/jars/Users/tinny/.m2/repository/org/junit/jupiter/junit-jupiter-api/5.8.2...
[2022-12-09 05:21:19] [PROGRESS] resolve files> Scanning /Users/tinny/Academics/MastersProject/RunningExample/psychic-signatures-master/codeQLDatabase/trap/java/jars/Users/tinny/.m2/repository/org/apiguardian...
[2022-12-09 05:21:19] [PROGRESS] resolve files> Scanning /Users/tinny/Academics/MastersProject/RunningExample/psychic-signatures-master/codeQLDatabase/trap/java/jars/Users/tinny/.m2/repository/org/apiguardian/apiguardian-api...
[2022-12-09 05:21:19] [PROGRESS] resolve files> Scanning /Users/tinny/Academics/MastersProject/RunningExample/psychic-signatures-master/codeQLDatabase/trap/java/jars/Users/tinny/.m2/repository/org/apiguardian/apiguardian-api/1.1.2...
[2022-12-09 05:21:19] [PROGRESS] resolve files> Scanning /Users/tinny/Academics/MastersProject/RunningExample/psychic-signatures-master/codeQLDatabase/trap/java/jars/Users/tinny/.m2/repository/org/opentest4j...
[2022-12-09 05:21:19] [PROGRESS] resolve files> Scanning /Users/tinny/Academics/MastersProject/RunningExample/psychic-signatures-master/codeQLDatabase/trap/java/jars/Users/tinny/.m2/repository/org/opentest4j/opentest4j...
[2022-12-09 05:21:19] [PROGRESS] resolve files> Scanning /Users/tinny/Academics/MastersProject/RunningExample/psychic-signatures-master/codeQLDatabase/trap/java/jars/Users/tinny/.m2/repository/org/opentest4j/opentest4j/1.2.0...
[2022-12-09 05:21:19] [PROGRESS] resolve files> Scanning /Users/tinny/Academics/MastersProject/RunningExample/psychic-signatures-master/codeQLDatabase/trap/java/classes...
[2022-12-09 05:21:19] [PROGRESS] resolve files> Scanning /Users/tinny/Academics/MastersProject/RunningExample/psychic-signatures-master/codeQLDatabase/trap/java/classes/sun...
[2022-12-09 05:21:19] [PROGRESS] resolve files> Scanning /Users/tinny/Academics/MastersProject/RunningExample/psychic-signatures-master/codeQLDatabase/trap/java/classes/sun/util...
[2022-12-09 05:21:19] [PROGRESS] resolve files> Scanning /Users/tinny/Academics/MastersProject/RunningExample/psychic-signatures-master/codeQLDatabase/trap/java/classes/sun/util/locale...
[2022-12-09 05:21:19] [PROGRESS] resolve files> Scanning /Users/tinny/Academics/MastersProject/RunningExample/psychic-signatures-master/codeQLDatabase/trap/java/classes/sun/security...
[2022-12-09 05:21:19] [PROGRESS] resolve files> Scanning /Users/tinny/Academics/MastersProject/RunningExample/psychic-signatures-master/codeQLDatabase/trap/java/classes/sun/security/util...
[2022-12-09 05:21:19] [PROGRESS] resolve files> Scanning /Users/tinny/Academics/MastersProject/RunningExample/psychic-signatures-master/codeQLDatabase/trap/java/classes/sun/invoke...
[2022-12-09 05:21:19] [PROGRESS] resolve files> Scanning /Users/tinny/Academics/MastersProject/RunningExample/psychic-signatures-master/codeQLDatabase/trap/java/classes/sun/invoke/empty...
[2022-12-09 05:21:19] [PROGRESS] resolve files> Scanning /Users/tinny/Academics/MastersProject/RunningExample/psychic-signatures-master/codeQLDatabase/trap/java/classes/sun/invoke/util...
[2022-12-09 05:21:19] [PROGRESS] resolve files> Scanning /Users/tinny/Academics/MastersProject/RunningExample/psychic-signatures-master/codeQLDatabase/trap/java/classes/sun/reflect...
[2022-12-09 05:21:19] [PROGRESS] resolve files> Scanning /Users/tinny/Academics/MastersProject/RunningExample/psychic-signatures-master/codeQLDatabase/trap/java/classes/sun/reflect/generics...
[2022-12-09 05:21:19] [PROGRESS] resolve files> Scanning /Users/tinny/Academics/MastersProject/RunningExample/psychic-signatures-master/codeQLDatabase/trap/java/classes/sun/reflect/generics/tree...
[2022-12-09 05:21:19] [PROGRESS] resolve files> Scanning /Users/tinny/Academics/MastersProject/RunningExample/psychic-signatures-master/codeQLDatabase/trap/java/classes/sun/reflect/generics/repository...
[2022-12-09 05:21:19] [PROGRESS] resolve files> Scanning /Users/tinny/Academics/MastersProject/RunningExample/psychic-signatures-master/codeQLDatabase/trap/java/classes/sun/reflect/generics/visitor...
[2022-12-09 05:21:19] [PROGRESS] resolve files> Scanning /Users/tinny/Academics/MastersProject/RunningExample/psychic-signatures-master/codeQLDatabase/trap/java/classes/sun/reflect/generics/factory...
[2022-12-09 05:21:19] [PROGRESS] resolve files> Scanning /Users/tinny/Academics/MastersProject/RunningExample/psychic-signatures-master/codeQLDatabase/trap/java/classes/sun/reflect/annotation...
[2022-12-09 05:21:19] [PROGRESS] resolve files> Scanning /Users/tinny/Academics/MastersProject/RunningExample/psychic-signatures-master/codeQLDatabase/trap/java/classes/sun/nio...
[2022-12-09 05:21:19] [PROGRESS] resolve files> Scanning /Users/tinny/Academics/MastersProject/RunningExample/psychic-signatures-master/codeQLDatabase/trap/java/classes/sun/nio/ch...
[2022-12-09 05:21:19] [PROGRESS] resolve files> Scanning /Users/tinny/Academics/MastersProject/RunningExample/psychic-signatures-master/codeQLDatabase/trap/java/classes/org...
[2022-12-09 05:21:19] [PROGRESS] resolve files> Scanning /Users/tinny/Academics/MastersProject/RunningExample/psychic-signatures-master/codeQLDatabase/trap/java/classes/org/junit...
[2022-12-09 05:21:19] [PROGRESS] resolve files> Scanning /Users/tinny/Academics/MastersProject/RunningExample/psychic-signatures-master/codeQLDatabase/trap/java/classes/org/junit/platform...
[2022-12-09 05:21:19] [PROGRESS] resolve files> Scanning /Users/tinny/Academics/MastersProject/RunningExample/psychic-signatures-master/codeQLDatabase/trap/java/classes/org/junit/platform/commons...
[2022-12-09 05:21:19] [PROGRESS] resolve files> Scanning /Users/tinny/Academics/MastersProject/RunningExample/psychic-signatures-master/codeQLDatabase/trap/java/classes/org/junit/platform/commons/annotation...
[2022-12-09 05:21:19] [PROGRESS] resolve files> Scanning /Users/tinny/Academics/MastersProject/RunningExample/psychic-signatures-master/codeQLDatabase/trap/java/classes/org/junit/jupiter...
[2022-12-09 05:21:19] [PROGRESS] resolve files> Scanning /Users/tinny/Academics/MastersProject/RunningExample/psychic-signatures-master/codeQLDatabase/trap/java/classes/org/junit/jupiter/api...
[2022-12-09 05:21:19] [PROGRESS] resolve files> Scanning /Users/tinny/Academics/MastersProject/RunningExample/psychic-signatures-master/codeQLDatabase/trap/java/classes/org/junit/jupiter/api/function...
[2022-12-09 05:21:19] [PROGRESS] resolve files> Scanning /Users/tinny/Academics/MastersProject/RunningExample/psychic-signatures-master/codeQLDatabase/trap/java/classes/org/apiguardian...
[2022-12-09 05:21:19] [PROGRESS] resolve files> Scanning /Users/tinny/Academics/MastersProject/RunningExample/psychic-signatures-master/codeQLDatabase/trap/java/classes/org/apiguardian/api...
[2022-12-09 05:21:19] [PROGRESS] resolve files> Scanning /Users/tinny/Academics/MastersProject/RunningExample/psychic-signatures-master/codeQLDatabase/trap/java/classes/org/opentest4j...
[2022-12-09 05:21:19] [PROGRESS] resolve files> Scanning /Users/tinny/Academics/MastersProject/RunningExample/psychic-signatures-master/codeQLDatabase/trap/java/classes/jdk...
[2022-12-09 05:21:19] [PROGRESS] resolve files> Scanning /Users/tinny/Academics/MastersProject/RunningExample/psychic-signatures-master/codeQLDatabase/trap/java/classes/jdk/internal...
[2022-12-09 05:21:19] [PROGRESS] resolve files> Scanning /Users/tinny/Academics/MastersProject/RunningExample/psychic-signatures-master/codeQLDatabase/trap/java/classes/jdk/internal/misc...
[2022-12-09 05:21:19] [PROGRESS] resolve files> Scanning /Users/tinny/Academics/MastersProject/RunningExample/psychic-signatures-master/codeQLDatabase/trap/java/classes/jdk/internal/ref...
[2022-12-09 05:21:19] [PROGRESS] resolve files> Scanning /Users/tinny/Academics/MastersProject/RunningExample/psychic-signatures-master/codeQLDatabase/trap/java/classes/jdk/internal/access...
[2022-12-09 05:21:19] [PROGRESS] resolve files> Scanning /Users/tinny/Academics/MastersProject/RunningExample/psychic-signatures-master/codeQLDatabase/trap/java/classes/jdk/internal/access/foreign...
[2022-12-09 05:21:19] [PROGRESS] resolve files> Scanning /Users/tinny/Academics/MastersProject/RunningExample/psychic-signatures-master/codeQLDatabase/trap/java/classes/jdk/internal/util...
[2022-12-09 05:21:19] [PROGRESS] resolve files> Scanning /Users/tinny/Academics/MastersProject/RunningExample/psychic-signatures-master/codeQLDatabase/trap/java/classes/jdk/internal/util/random...
[2022-12-09 05:21:19] [PROGRESS] resolve files> Scanning /Users/tinny/Academics/MastersProject/RunningExample/psychic-signatures-master/codeQLDatabase/trap/java/classes/jdk/internal/module...
[2022-12-09 05:21:19] [PROGRESS] resolve files> Scanning /Users/tinny/Academics/MastersProject/RunningExample/psychic-signatures-master/codeQLDatabase/trap/java/classes/jdk/internal/reflect...
[2022-12-09 05:21:19] [PROGRESS] resolve files> Scanning /Users/tinny/Academics/MastersProject/RunningExample/psychic-signatures-master/codeQLDatabase/trap/java/classes/jdk/internal/vm...
[2022-12-09 05:21:19] [PROGRESS] resolve files> Scanning /Users/tinny/Academics/MastersProject/RunningExample/psychic-signatures-master/codeQLDatabase/trap/java/classes/jdk/internal/vm/annotation...
[2022-12-09 05:21:19] [PROGRESS] resolve files> Scanning /Users/tinny/Academics/MastersProject/RunningExample/psychic-signatures-master/codeQLDatabase/trap/java/classes/jdk/internal/vm/vector...
[2022-12-09 05:21:19] [PROGRESS] resolve files> Scanning /Users/tinny/Academics/MastersProject/RunningExample/psychic-signatures-master/codeQLDatabase/trap/java/classes/jdk/internal/loader...
[2022-12-09 05:21:19] [PROGRESS] resolve files> Scanning /Users/tinny/Academics/MastersProject/RunningExample/psychic-signatures-master/codeQLDatabase/trap/java/classes/java...
[2022-12-09 05:21:19] [PROGRESS] resolve files> Scanning /Users/tinny/Academics/MastersProject/RunningExample/psychic-signatures-master/codeQLDatabase/trap/java/classes/java/net...
[2022-12-09 05:21:19] [PROGRESS] resolve files> Scanning /Users/tinny/Academics/MastersProject/RunningExample/psychic-signatures-master/codeQLDatabase/trap/java/classes/java/util...
[2022-12-09 05:21:19] [PROGRESS] resolve files> Scanning /Users/tinny/Academics/MastersProject/RunningExample/psychic-signatures-master/codeQLDatabase/trap/java/classes/java/util/stream...
[2022-12-09 05:21:19] [PROGRESS] resolve files> Scanning /Users/tinny/Academics/MastersProject/RunningExample/psychic-signatures-master/codeQLDatabase/trap/java/classes/java/util/function...
[2022-12-09 05:21:19] [PROGRESS] resolve files> Scanning /Users/tinny/Academics/MastersProject/RunningExample/psychic-signatures-master/codeQLDatabase/trap/java/classes/java/util/concurrent...
[2022-12-09 05:21:19] [PROGRESS] resolve files> Scanning /Users/tinny/Academics/MastersProject/RunningExample/psychic-signatures-master/codeQLDatabase/trap/java/classes/java/util/random...
[2022-12-09 05:21:19] [PROGRESS] resolve files> Scanning /Users/tinny/Academics/MastersProject/RunningExample/psychic-signatures-master/codeQLDatabase/trap/java/classes/java/security...
[2022-12-09 05:21:19] [PROGRESS] resolve files> Scanning /Users/tinny/Academics/MastersProject/RunningExample/psychic-signatures-master/codeQLDatabase/trap/java/classes/java/security/spec...
[2022-12-09 05:21:19] [PROGRESS] resolve files> Scanning /Users/tinny/Academics/MastersProject/RunningExample/psychic-signatures-master/codeQLDatabase/trap/java/classes/java/security/cert...
[2022-12-09 05:21:19] [PROGRESS] resolve files> Scanning /Users/tinny/Academics/MastersProject/RunningExample/psychic-signatures-master/codeQLDatabase/trap/java/classes/java/io...
[2022-12-09 05:21:19] [PROGRESS] resolve files> Scanning /Users/tinny/Academics/MastersProject/RunningExample/psychic-signatures-master/codeQLDatabase/trap/java/classes/java/math...
[2022-12-09 05:21:19] [PROGRESS] resolve files> Scanning /Users/tinny/Academics/MastersProject/RunningExample/psychic-signatures-master/codeQLDatabase/trap/java/classes/java/time...
[2022-12-09 05:21:19] [PROGRESS] resolve files> Scanning /Users/tinny/Academics/MastersProject/RunningExample/psychic-signatures-master/codeQLDatabase/trap/java/classes/java/time/temporal...
[2022-12-09 05:21:19] [PROGRESS] resolve files> Scanning /Users/tinny/Academics/MastersProject/RunningExample/psychic-signatures-master/codeQLDatabase/trap/java/classes/java/time/chrono...
[2022-12-09 05:21:19] [PROGRESS] resolve files> Scanning /Users/tinny/Academics/MastersProject/RunningExample/psychic-signatures-master/codeQLDatabase/trap/java/classes/java/time/zone...
[2022-12-09 05:21:19] [PROGRESS] resolve files> Scanning /Users/tinny/Academics/MastersProject/RunningExample/psychic-signatures-master/codeQLDatabase/trap/java/classes/java/time/format...
[2022-12-09 05:21:19] [PROGRESS] resolve files> Scanning /Users/tinny/Academics/MastersProject/RunningExample/psychic-signatures-master/codeQLDatabase/trap/java/classes/java/lang...
[2022-12-09 05:21:19] [PROGRESS] resolve files> Scanning /Users/tinny/Academics/MastersProject/RunningExample/psychic-signatures-master/codeQLDatabase/trap/java/classes/java/lang/ref...
[2022-12-09 05:21:19] [PROGRESS] resolve files> Scanning /Users/tinny/Academics/MastersProject/RunningExample/psychic-signatures-master/codeQLDatabase/trap/java/classes/java/lang/invoke...
[2022-12-09 05:21:19] [PROGRESS] resolve files> Scanning /Users/tinny/Academics/MastersProject/RunningExample/psychic-signatures-master/codeQLDatabase/trap/java/classes/java/lang/module...
[2022-12-09 05:21:19] [PROGRESS] resolve files> Scanning /Users/tinny/Academics/MastersProject/RunningExample/psychic-signatures-master/codeQLDatabase/trap/java/classes/java/lang/reflect...
[2022-12-09 05:21:19] [PROGRESS] resolve files> Scanning /Users/tinny/Academics/MastersProject/RunningExample/psychic-signatures-master/codeQLDatabase/trap/java/classes/java/lang/annotation...
[2022-12-09 05:21:19] [PROGRESS] resolve files> Scanning /Users/tinny/Academics/MastersProject/RunningExample/psychic-signatures-master/codeQLDatabase/trap/java/classes/java/lang/constant...
[2022-12-09 05:21:19] [PROGRESS] resolve files> Scanning /Users/tinny/Academics/MastersProject/RunningExample/psychic-signatures-master/codeQLDatabase/trap/java/classes/java/beans...
[2022-12-09 05:21:19] [PROGRESS] resolve files> Scanning /Users/tinny/Academics/MastersProject/RunningExample/psychic-signatures-master/codeQLDatabase/trap/java/classes/java/nio...
[2022-12-09 05:21:19] [PROGRESS] resolve files> Scanning /Users/tinny/Academics/MastersProject/RunningExample/psychic-signatures-master/codeQLDatabase/trap/java/classes/java/nio/file...
[2022-12-09 05:21:19] [PROGRESS] resolve files> Scanning /Users/tinny/Academics/MastersProject/RunningExample/psychic-signatures-master/codeQLDatabase/trap/java/classes/java/nio/file/attribute...
[2022-12-09 05:21:19] [PROGRESS] resolve files> Scanning /Users/tinny/Academics/MastersProject/RunningExample/psychic-signatures-master/codeQLDatabase/trap/java/classes/java/nio/file/spi...
[2022-12-09 05:21:19] [PROGRESS] resolve files> Scanning /Users/tinny/Academics/MastersProject/RunningExample/psychic-signatures-master/codeQLDatabase/trap/java/classes/java/nio/charset...
[2022-12-09 05:21:19] [PROGRESS] resolve files> Scanning /Users/tinny/Academics/MastersProject/RunningExample/psychic-signatures-master/codeQLDatabase/trap/java/classes/java/nio/channels...
[2022-12-09 05:21:19] [PROGRESS] resolve files> Scanning /Users/tinny/Academics/MastersProject/RunningExample/psychic-signatures-master/codeQLDatabase/trap/java/classes/java/nio/channels/spi...
[2022-12-09 05:21:19] [PROGRESS] resolve files> Scanning /Users/tinny/Academics/MastersProject/RunningExample/psychic-signatures-master/codeQLDatabase/trap/java/classes/java/awt...
[2022-12-09 05:21:19] [PROGRESS] resolve files> Scanning /Users/tinny/Academics/MastersProject/RunningExample/psychic-signatures-master/codeQLDatabase/trap/java/classes/java/awt/geom...
[2022-12-09 05:21:19] [PROGRESS] resolve files> Scanning /Users/tinny/Academics/MastersProject/RunningExample/psychic-signatures-master/codeQLDatabase/trap/java/classes/java/text...
[2022-12-09 05:21:19] [PROGRESS] resolve files> Scanning /Users/tinny/Academics/MastersProject/RunningExample/psychic-signatures-master/codeQLDatabase/trap/java/classes/javax...
[2022-12-09 05:21:19] [PROGRESS] resolve files> Scanning /Users/tinny/Academics/MastersProject/RunningExample/psychic-signatures-master/codeQLDatabase/trap/java/classes/javax/security...
[2022-12-09 05:21:19] [PROGRESS] resolve files> Scanning /Users/tinny/Academics/MastersProject/RunningExample/psychic-signatures-master/codeQLDatabase/trap/java/classes/javax/security/auth...
[2022-12-09 05:21:19] [PROGRESS] resolve files> Scanning /Users/tinny/Academics/MastersProject/RunningExample/psychic-signatures-master/codeQLDatabase/trap/java/classes/com...
[2022-12-09 05:21:19] [PROGRESS] resolve files> Scanning /Users/tinny/Academics/MastersProject/RunningExample/psychic-signatures-master/codeQLDatabase/trap/java/classes/com/github...
[2022-12-09 05:21:19] [PROGRESS] resolve files> Scanning /Users/tinny/Academics/MastersProject/RunningExample/psychic-signatures-master/codeQLDatabase/trap/java/classes/com/github/marschall...
[2022-12-09 05:21:19] [PROGRESS] resolve files> Scanning /Users/tinny/Academics/MastersProject/RunningExample/psychic-signatures-master/codeQLDatabase/trap/java/classes/com/github/marschall/psychicsignatures...
[2022-12-09 05:21:19] [PROGRESS] resolve files> Scanning /Users/tinny/Academics/MastersProject/RunningExample/psychic-signatures-master/codeQLDatabase/trap/java/Users...
[2022-12-09 05:21:19] [PROGRESS] resolve files> Scanning /Users/tinny/Academics/MastersProject/RunningExample/psychic-signatures-master/codeQLDatabase/trap/java/Users/tinny...
[2022-12-09 05:21:19] [PROGRESS] resolve files> Scanning /Users/tinny/Academics/MastersProject/RunningExample/psychic-signatures-master/codeQLDatabase/trap/java/Users/tinny/Academics...
[2022-12-09 05:21:19] [PROGRESS] resolve files> Scanning /Users/tinny/Academics/MastersProject/RunningExample/psychic-signatures-master/codeQLDatabase/trap/java/Users/tinny/Academics/MastersProject...
[2022-12-09 05:21:19] [PROGRESS] resolve files> Scanning /Users/tinny/Academics/MastersProject/RunningExample/psychic-signatures-master/codeQLDatabase/trap/java/Users/tinny/Academics/MastersProject/RunningExample...
[2022-12-09 05:21:19] [PROGRESS] resolve files> Scanning /Users/tinny/Academics/MastersProject/RunningExample/psychic-signatures-master/codeQLDatabase/trap/java/Users/tinny/Academics/MastersProject/RunningExample/psychic-signatures-master...
[2022-12-09 05:21:19] [PROGRESS] resolve files> Scanning /Users/tinny/Academics/MastersProject/RunningExample/psychic-signatures-master/codeQLDatabase/trap/java/Users/tinny/Academics/MastersProject/RunningExample/psychic-signatures-master/src...
[2022-12-09 05:21:19] [PROGRESS] resolve files> Scanning /Users/tinny/Academics/MastersProject/RunningExample/psychic-signatures-master/codeQLDatabase/trap/java/Users/tinny/Academics/MastersProject/RunningExample/psychic-signatures-master/src/test...
[2022-12-09 05:21:19] [PROGRESS] resolve files> Scanning /Users/tinny/Academics/MastersProject/RunningExample/psychic-signatures-master/codeQLDatabase/trap/java/Users/tinny/Academics/MastersProject/RunningExample/psychic-signatures-master/src/test/java...
[2022-12-09 05:21:19] [PROGRESS] resolve files> Scanning /Users/tinny/Academics/MastersProject/RunningExample/psychic-signatures-master/codeQLDatabase/trap/java/Users/tinny/Academics/MastersProject/RunningExample/psychic-signatures-master/src/test/java/com...
[2022-12-09 05:21:19] [PROGRESS] resolve files> Scanning /Users/tinny/Academics/MastersProject/RunningExample/psychic-signatures-master/codeQLDatabase/trap/java/Users/tinny/Academics/MastersProject/RunningExample/psychic-signatures-master/src/test/java/com/github...
[2022-12-09 05:21:19] [PROGRESS] resolve files> Scanning /Users/tinny/Academics/MastersProject/RunningExample/psychic-signatures-master/codeQLDatabase/trap/java/Users/tinny/Academics/MastersProject/RunningExample/psychic-signatures-master/src/test/java/com/github/marschall...
[2022-12-09 05:21:19] [PROGRESS] resolve files> Scanning /Users/tinny/Academics/MastersProject/RunningExample/psychic-signatures-master/codeQLDatabase/trap/java/Users/tinny/Academics/MastersProject/RunningExample/psychic-signatures-master/src/test/java/com/github/marschall/psychicsignatures...
[2022-12-09 05:21:19] [PROGRESS] resolve files> Scanning /Users/tinny/Academics/MastersProject/RunningExample/psychic-signatures-master/codeQLDatabase/trap/java/diagnostics...
[2022-12-09 05:21:19] [PROGRESS] resolve files> Scanning /Users/tinny/Academics/MastersProject/RunningExample/psychic-signatures-master/codeQLDatabase/log...
[2022-12-09 05:21:19] [PROGRESS] resolve files> Scanning /Users/tinny/Academics/MastersProject/RunningExample/psychic-signatures-master/codeQLDatabase/log/ext...
[2022-12-09 05:21:19] [PROGRESS] resolve files> Scanning /Users/tinny/Academics/MastersProject/RunningExample/psychic-signatures-master/codeQLDatabase/src...
[2022-12-09 05:21:19] [PROGRESS] resolve files> Scanning /Users/tinny/Academics/MastersProject/RunningExample/psychic-signatures-master/codeQLDatabase/src/Users...
[2022-12-09 05:21:19] [PROGRESS] resolve files> Scanning /Users/tinny/Academics/MastersProject/RunningExample/psychic-signatures-master/codeQLDatabase/src/Users/tinny...
[2022-12-09 05:21:19] [PROGRESS] resolve files> Scanning /Users/tinny/Academics/MastersProject/RunningExample/psychic-signatures-master/codeQLDatabase/src/Users/tinny/Academics...
[2022-12-09 05:21:19] [PROGRESS] resolve files> Scanning /Users/tinny/Academics/MastersProject/RunningExample/psychic-signatures-master/codeQLDatabase/src/Users/tinny/Academics/MastersProject...
[2022-12-09 05:21:19] [PROGRESS] resolve files> Scanning /Users/tinny/Academics/MastersProject/RunningExample/psychic-signatures-master/codeQLDatabase/src/Users/tinny/Academics/MastersProject/RunningExample...
[2022-12-09 05:21:19] [PROGRESS] resolve files> Scanning /Users/tinny/Academics/MastersProject/RunningExample/psychic-signatures-master/codeQLDatabase/src/Users/tinny/Academics/MastersProject/RunningExample/psychic-signatures-master...
[2022-12-09 05:21:19] [PROGRESS] resolve files> Scanning /Users/tinny/Academics/MastersProject/RunningExample/psychic-signatures-master/codeQLDatabase/src/Users/tinny/Academics/MastersProject/RunningExample/psychic-signatures-master/src...
[2022-12-09 05:21:19] [PROGRESS] resolve files> Scanning /Users/tinny/Academics/MastersProject/RunningExample/psychic-signatures-master/codeQLDatabase/src/Users/tinny/Academics/MastersProject/RunningExample/psychic-signatures-master/src/test...
[2022-12-09 05:21:19] [PROGRESS] resolve files> Scanning /Users/tinny/Academics/MastersProject/RunningExample/psychic-signatures-master/codeQLDatabase/src/Users/tinny/Academics/MastersProject/RunningExample/psychic-signatures-master/src/test/java...
[2022-12-09 05:21:19] [PROGRESS] resolve files> Scanning /Users/tinny/Academics/MastersProject/RunningExample/psychic-signatures-master/codeQLDatabase/src/Users/tinny/Academics/MastersProject/RunningExample/psychic-signatures-master/src/test/java/com...
[2022-12-09 05:21:19] [PROGRESS] resolve files> Scanning /Users/tinny/Academics/MastersProject/RunningExample/psychic-signatures-master/codeQLDatabase/src/Users/tinny/Academics/MastersProject/RunningExample/psychic-signatures-master/src/test/java/com/github...
[2022-12-09 05:21:19] [PROGRESS] resolve files> Scanning /Users/tinny/Academics/MastersProject/RunningExample/psychic-signatures-master/codeQLDatabase/src/Users/tinny/Academics/MastersProject/RunningExample/psychic-signatures-master/src/test/java/com/github/marschall...
[2022-12-09 05:21:19] [PROGRESS] resolve files> Scanning /Users/tinny/Academics/MastersProject/RunningExample/psychic-signatures-master/codeQLDatabase/src/Users/tinny/Academics/MastersProject/RunningExample/psychic-signatures-master/src/test/java/com/github/marschall/psychicsignatures...
[2022-12-09 05:21:19] [PROGRESS] resolve files> Scanning /Users/tinny/Academics/MastersProject/RunningExample/psychic-signatures-master/src...
[2022-12-09 05:21:19] [PROGRESS] resolve files> Scanning /Users/tinny/Academics/MastersProject/RunningExample/psychic-signatures-master/src/test...
[2022-12-09 05:21:19] [PROGRESS] resolve files> Scanning /Users/tinny/Academics/MastersProject/RunningExample/psychic-signatures-master/src/test/java...
[2022-12-09 05:21:19] [PROGRESS] resolve files> Scanning /Users/tinny/Academics/MastersProject/RunningExample/psychic-signatures-master/src/test/java/com...
[2022-12-09 05:21:19] [PROGRESS] resolve files> Scanning /Users/tinny/Academics/MastersProject/RunningExample/psychic-signatures-master/src/test/java/com/github...
[2022-12-09 05:21:19] [PROGRESS] resolve files> Scanning /Users/tinny/Academics/MastersProject/RunningExample/psychic-signatures-master/src/test/java/com/github/marschall...
[2022-12-09 05:21:19] [PROGRESS] resolve files> Scanning /Users/tinny/Academics/MastersProject/RunningExample/psychic-signatures-master/src/test/java/com/github/marschall/psychicsignatures...
[2022-12-09 05:21:19] Plumbing command codeql resolve files completed:
                      [
                        "/Users/tinny/Academics/MastersProject/RunningExample/psychic-signatures-master/pom.xml"
                      ]
[2022-12-09 05:21:19] [DETAILS] database index-files> Found 1 files.
[2022-12-09 05:21:19] [PROGRESS] database index-files> /Users/tinny/Academics/MastersProject/RunningExample/psychic-signatures-master/codeQLDatabase: Indexing files in in /Users/tinny/Academics/MastersProject/RunningExample/psychic-signatures-master...
[2022-12-09 05:21:19] Using index-files script /Users/tinny/Academics/MastersProject/CodeQL/codeql/xml/tools/index-files.sh.
[2022-12-09 05:21:19] [PROGRESS] database index-files> Running command in /Users/tinny/Academics/MastersProject/RunningExample/psychic-signatures-master: [/Users/tinny/Academics/MastersProject/CodeQL/codeql/xml/tools/index-files.sh, /Users/tinny/Academics/MastersProject/RunningExample/psychic-signatures-master/codeQLDatabase/working/files-to-index16973612871500243408.list]
[2022-12-09 05:21:19] Terminating normally.
