[2022-12-09 05:21:08] This is codeql database create codeQLDatabase --language=java --command=gradle --no-daemon clean test --overwrite
[2022-12-09 05:21:08] Log file was started late.
[2022-12-09 05:21:08] [PROGRESS] database create> Initializing database at /Users/tinny/Academics/MastersProject/RunningExample/psychic-signatures-master/codeQLDatabase.
[2022-12-09 05:21:08] Running plumbing command: codeql database init --overwrite --language=java --source-root=/Users/tinny/Academics/MastersProject/RunningExample/psychic-signatures-master --allow-missing-source-root=false --allow-already-existing -- /Users/tinny/Academics/MastersProject/RunningExample/psychic-signatures-master/codeQLDatabase
[2022-12-09 05:21:08] [PROGRESS] database init> Counting lines of code in /Users/tinny/Academics/MastersProject/RunningExample/psychic-signatures-master
[2022-12-09 05:21:08] [PROGRESS] database init> Resolving extractor java.
[2022-12-09 05:21:08] Calling plumbing command: codeql resolve languages --format=json
[2022-12-09 05:21:08] [DETAILS] resolve languages> Scanning for [codeql-extractor.yml] from /Users/tinny/Academics/MastersProject/CodeQL/codeql/.codeqlmanifest.json
[2022-12-09 05:21:08] [DETAILS] resolve languages> Parsing /Users/tinny/Academics/MastersProject/CodeQL/codeql/go/codeql-extractor.yml.
[2022-12-09 05:21:08] [DETAILS] resolve languages> Parsing /Users/tinny/Academics/MastersProject/CodeQL/codeql/python/codeql-extractor.yml.
[2022-12-09 05:21:08] [DETAILS] resolve languages> Parsing /Users/tinny/Academics/MastersProject/CodeQL/codeql/java/codeql-extractor.yml.
[2022-12-09 05:21:08] [DETAILS] resolve languages> Parsing /Users/tinny/Academics/MastersProject/CodeQL/codeql/html/codeql-extractor.yml.
[2022-12-09 05:21:08] [DETAILS] resolve languages> Parsing /Users/tinny/Academics/MastersProject/CodeQL/codeql/xml/codeql-extractor.yml.
[2022-12-09 05:21:08] [DETAILS] resolve languages> Parsing /Users/tinny/Academics/MastersProject/CodeQL/codeql/properties/codeql-extractor.yml.
[2022-12-09 05:21:08] [DETAILS] resolve languages> Parsing /Users/tinny/Academics/MastersProject/CodeQL/codeql/cpp/codeql-extractor.yml.
[2022-12-09 05:21:08] [DETAILS] resolve languages> Parsing /Users/tinny/Academics/MastersProject/CodeQL/codeql/csv/codeql-extractor.yml.
[2022-12-09 05:21:08] [DETAILS] resolve languages> Parsing /Users/tinny/Academics/MastersProject/CodeQL/codeql/csharp/codeql-extractor.yml.
[2022-12-09 05:21:08] [DETAILS] resolve languages> Parsing /Users/tinny/Academics/MastersProject/CodeQL/codeql/javascript/codeql-extractor.yml.
[2022-12-09 05:21:08] [DETAILS] resolve languages> Parsing /Users/tinny/Academics/MastersProject/CodeQL/codeql/ruby/codeql-extractor.yml.
[2022-12-09 05:21:08] Plumbing command codeql resolve languages completed:
                      {
                        "extractors" : {
                          "go" : [
                            {
                              "extractor_root" : "/Users/tinny/Academics/MastersProject/CodeQL/codeql/go"
                            }
                          ],
                          "python" : [
                            {
                              "extractor_root" : "/Users/tinny/Academics/MastersProject/CodeQL/codeql/python"
                            }
                          ],
                          "java" : [
                            {
                              "extractor_root" : "/Users/tinny/Academics/MastersProject/CodeQL/codeql/java",
                              "extractor_options" : {
                                "exclude" : {
                                  "title" : "A glob excluding files from analysis.",
                                  "description" : "A glob indicating what files to exclude from the analysis.\n",
                                  "type" : "string"
                                }
                              }
                            }
                          ],
                          "html" : [
                            {
                              "extractor_root" : "/Users/tinny/Academics/MastersProject/CodeQL/codeql/html"
                            }
                          ],
                          "xml" : [
                            {
                              "extractor_root" : "/Users/tinny/Academics/MastersProject/CodeQL/codeql/xml"
                            }
                          ],
                          "properties" : [
                            {
                              "extractor_root" : "/Users/tinny/Academics/MastersProject/CodeQL/codeql/properties"
                            }
                          ],
                          "cpp" : [
                            {
                              "extractor_root" : "/Users/tinny/Academics/MastersProject/CodeQL/codeql/cpp"
                            }
                          ],
                          "csv" : [
                            {
                              "extractor_root" : "/Users/tinny/Academics/MastersProject/CodeQL/codeql/csv"
                            }
                          ],
                          "csharp" : [
                            {
                              "extractor_root" : "/Users/tinny/Academics/MastersProject/CodeQL/codeql/csharp",
                              "extractor_options" : {
                                "trap" : {
                                  "title" : "Options pertaining to TRAP.",
                                  "description" : "Options pertaining to TRAP.",
                                  "type" : "object",
                                  "properties" : {
                                    "compression" : {
                                      "title" : "Controls compression for the TRAP files written by the extractor.",
                                      "description" : "This option is only intended for use in debugging the extractor. Accepted values are 'brotli' (the default, to write brotli-compressed TRAP), 'gzip', and 'none' (to write uncompressed TRAP).\n",
                                      "type" : "string",
                                      "pattern" : "^(none|gzip|brotli)$"
                                    }
                                  }
                                },
                                "buildless" : {
                                  "title" : "Whether to use buildless (standalone) extraction.",
                                  "description" : "A value indicating, which type of extraction the autobuilder should perform. If 'true', then the standalone extractor will be used, otherwise tracing extraction will be performed. The default is 'false'. Note that buildless extraction will generally yield less accurate analysis results, and should only be used in cases where it is not possible to build the code (for example if it uses inaccessible dependencies).\n",
                                  "type" : "string",
                                  "pattern" : "^(false|true)$"
                                }
                              }
                            }
                          ],
                          "javascript" : [
                            {
                              "extractor_root" : "/Users/tinny/Academics/MastersProject/CodeQL/codeql/javascript",
                              "extractor_options" : { }
                            }
                          ],
                          "ruby" : [
                            {
                              "extractor_root" : "/Users/tinny/Academics/MastersProject/CodeQL/codeql/ruby"
                            }
                          ]
                        }
                      }
[2022-12-09 05:21:08] [DETAILS] database init> Found candidate extractor root for java: /Users/tinny/Academics/MastersProject/CodeQL/codeql/java.
[2022-12-09 05:21:08] [PROGRESS] database init> Successfully loaded extractor Java (java) from /Users/tinny/Academics/MastersProject/CodeQL/codeql/java.
[2022-12-09 05:21:08] [PROGRESS] database init> Created skeleton CodeQL database at /Users/tinny/Academics/MastersProject/RunningExample/psychic-signatures-master/codeQLDatabase. This in-progress database is ready to be populated by an extractor.
[2022-12-09 05:21:08] Plumbing command codeql database init completed.
[2022-12-09 05:21:08] [PROGRESS] database create> Running build command: [gradle, --no-daemon, clean, test]
[2022-12-09 05:21:08] Running plumbing command: codeql database trace-command --working-dir=/Users/tinny/Academics/MastersProject/RunningExample/psychic-signatures-master --index-traceless-dbs --no-db-cluster -- /Users/tinny/Academics/MastersProject/RunningExample/psychic-signatures-master/codeQLDatabase gradle --no-daemon clean test
[2022-12-09 05:21:08] [PROGRESS] database trace-command> Running command in /Users/tinny/Academics/MastersProject/RunningExample/psychic-signatures-master: [gradle, --no-daemon, clean, test]
[2022-12-09 05:21:12] [build-stdout] To honour the JVM settings for this build a single-use Daemon process will be forked. See https://docs.gradle.org/7.5.1/userguide/gradle_daemon.html#sec:disabling_the_daemon.
[2022-12-09 05:21:14] [build-stdout] Daemon will be stopped at the end of the build 
[2022-12-09 05:21:15] [build-stdout] > Task :clean
[2022-12-09 05:21:15] [build-stdout] > Task :compileJava NO-SOURCE
[2022-12-09 05:21:15] [build-stdout] > Task :processResources NO-SOURCE
[2022-12-09 05:21:15] [build-stdout] > Task :classes UP-TO-DATE
[2022-12-09 05:21:18] [build-stdout] > Task :compileTestJava
[2022-12-09 05:21:18] [build-stdout] > Task :processTestResources NO-SOURCE
[2022-12-09 05:21:18] [build-stdout] > Task :testClasses
[2022-12-09 05:21:18] [build-stdout] > Task :test
[2022-12-09 05:21:18] [build-stdout] BUILD SUCCESSFUL in 5s
[2022-12-09 05:21:18] [build-stdout] 3 actionable tasks: 3 executed
[2022-12-09 05:21:18] Plumbing command codeql database trace-command completed.
[2022-12-09 05:21:18] [PROGRESS] database create> Finalizing database at /Users/tinny/Academics/MastersProject/RunningExample/psychic-signatures-master/codeQLDatabase.
[2022-12-09 05:21:18] Running plumbing command: codeql database finalize --mode=normal --no-db-cluster -- /Users/tinny/Academics/MastersProject/RunningExample/psychic-signatures-master/codeQLDatabase
[2022-12-09 05:21:18] Using pre-finalize script /Users/tinny/Academics/MastersProject/CodeQL/codeql/java/tools/pre-finalize.sh.
[2022-12-09 05:21:18] [PROGRESS] database finalize> Running pre-finalize script /Users/tinny/Academics/MastersProject/CodeQL/codeql/java/tools/pre-finalize.sh in /Users/tinny/Academics/MastersProject/RunningExample/psychic-signatures-master.
[2022-12-09 05:21:18] Running plumbing command: codeql database trace-command --working-dir=/Users/tinny/Academics/MastersProject/RunningExample/psychic-signatures-master --no-tracing -- /Users/tinny/Academics/MastersProject/RunningExample/psychic-signatures-master/codeQLDatabase /Users/tinny/Academics/MastersProject/CodeQL/codeql/java/tools/pre-finalize.sh
[2022-12-09 05:21:18] [PROGRESS] database trace-command> Running command in /Users/tinny/Academics/MastersProject/RunningExample/psychic-signatures-master: [/Users/tinny/Academics/MastersProject/CodeQL/codeql/java/tools/pre-finalize.sh]
[2022-12-09 05:21:19] [build-stderr] Scanning for files in /Users/tinny/Academics/MastersProject/RunningExample/psychic-signatures-master...
[2022-12-09 05:21:19] [build-stderr] /Users/tinny/Academics/MastersProject/RunningExample/psychic-signatures-master/codeQLDatabase: Indexing files in in /Users/tinny/Academics/MastersProject/RunningExample/psychic-signatures-master...
[2022-12-09 05:21:19] [build-stderr] Running command in /Users/tinny/Academics/MastersProject/RunningExample/psychic-signatures-master: [/Users/tinny/Academics/MastersProject/CodeQL/codeql/xml/tools/index-files.sh, /Users/tinny/Academics/MastersProject/RunningExample/psychic-signatures-master/codeQLDatabase/working/files-to-index16973612871500243408.list]
[2022-12-09 05:21:19] Plumbing command codeql database trace-command completed.
[2022-12-09 05:21:19] [PROGRESS] database finalize> Running TRAP import for CodeQL database at /Users/tinny/Academics/MastersProject/RunningExample/psychic-signatures-master/codeQLDatabase...
[2022-12-09 05:21:19] Running plumbing command: codeql dataset import --dbscheme=/Users/tinny/Academics/MastersProject/CodeQL/codeql/java/semmlecode.dbscheme -- /Users/tinny/Academics/MastersProject/RunningExample/psychic-signatures-master/codeQLDatabase/db-java /Users/tinny/Academics/MastersProject/RunningExample/psychic-signatures-master/codeQLDatabase/trap/java
[2022-12-09 05:21:19] Clearing disk cache since the version file /Users/tinny/Academics/MastersProject/RunningExample/psychic-signatures-master/codeQLDatabase/db-java/default/cache/version does not exist
[2022-12-09 05:21:19] Tuple pool not found. Clearing relations with cached strings
[2022-12-09 05:21:19] Trimming disk cache at /Users/tinny/Academics/MastersProject/RunningExample/psychic-signatures-master/codeQLDatabase/db-java/default/cache in mode brutal.
[2022-12-09 05:21:19] Sequence stamp origin is -6378794033068638275
[2022-12-09 05:21:19] Pausing evaluation to hard-clear memory at sequence stamp o+0
[2022-12-09 05:21:19] Unpausing evaluation
[2022-12-09 05:21:19] Pausing evaluation to quickly trim disk at sequence stamp o+1
[2022-12-09 05:21:19] Unpausing evaluation
[2022-12-09 05:21:19] Pausing evaluation to zealously trim disk at sequence stamp o+2
[2022-12-09 05:21:19] Unpausing evaluation
[2022-12-09 05:21:19] Trimming completed (5ms): Purged everything.
[2022-12-09 05:21:19] Scanning for files in /Users/tinny/Academics/MastersProject/RunningExample/psychic-signatures-master/codeQLDatabase/trap/java
[2022-12-09 05:21:19] Importing pom.xml.trap.gz (1 of 649)
[2022-12-09 05:21:19] Importing MessageScrambler.java.trap.gz (2 of 649)
[2022-12-09 05:21:19] Importing PsychicECDSA.java.trap.gz (3 of 649)
[2022-12-09 05:21:19] Importing PsychicSignaturesTests.java.trap.gz (4 of 649)
[2022-12-09 05:21:19] Importing MessageScrambler.members.trap.gz (5 of 649)
[2022-12-09 05:21:19] Importing PsychicECDSA.members.trap.gz (6 of 649)
[2022-12-09 05:21:19] Importing PsychicSignaturesTests.members.trap.gz (7 of 649)
[2022-12-09 05:21:19] Importing myThread.members.trap.gz (8 of 649)
[2022-12-09 05:21:19] Importing Point.members.trap.gz (9 of 649)
[2022-12-09 05:21:19] Importing Point2D.members.trap.gz (10 of 649)
[2022-12-09 05:21:19] Importing Transient.members.trap.gz (11 of 649)
[2022-12-09 05:21:19] Importing Closeable.members.trap.gz (12 of 649)
[2022-12-09 05:21:19] Importing Console.members.trap.gz (13 of 649)
[2022-12-09 05:21:19] Importing DataInput.members.trap.gz (14 of 649)
[2022-12-09 05:21:19] Importing DataOutput.members.trap.gz (15 of 649)
[2022-12-09 05:21:19] Importing File.members.trap.gz (16 of 649)
[2022-12-09 05:21:19] Importing FileDescriptor.members.trap.gz (17 of 649)
[2022-12-09 05:21:19] Importing FileFilter.members.trap.gz (18 of 649)
[2022-12-09 05:21:19] Importing FileNotFoundException.members.trap.gz (19 of 649)
[2022-12-09 05:21:19] Importing FilenameFilter.members.trap.gz (20 of 649)
[2022-12-09 05:21:19] Importing FilterOutputStream.members.trap.gz (21 of 649)
[2022-12-09 05:21:19] Importing Flushable.members.trap.gz (22 of 649)
[2022-12-09 05:21:19] Importing IOException.members.trap.gz (23 of 649)
[2022-12-09 05:21:19] Importing InputStream.members.trap.gz (24 of 649)
[2022-12-09 05:21:19] Importing InvalidClassException.members.trap.gz (25 of 649)
[2022-12-09 05:21:19] Importing InvalidObjectException.members.trap.gz (26 of 649)
[2022-12-09 05:21:19] Importing NotActiveException.members.trap.gz (27 of 649)
[2022-12-09 05:21:19] Importing ObjectInput.members.trap.gz (28 of 649)
[2022-12-09 05:21:19] Importing ObjectInputFilter$FilterInfo.members.trap.gz (29 of 649)
[2022-12-09 05:21:19] Importing ObjectInputFilter$Status.members.trap.gz (30 of 649)
[2022-12-09 05:21:19] Importing ObjectInputFilter.members.trap.gz (31 of 649)
[2022-12-09 05:21:19] Importing ObjectInputStream$GetField.members.trap.gz (32 of 649)
[2022-12-09 05:21:19] Importing ObjectInputStream.members.trap.gz (33 of 649)
[2022-12-09 05:21:19] Importing ObjectInputValidation.members.trap.gz (34 of 649)
[2022-12-09 05:21:19] Importing ObjectOutput.members.trap.gz (35 of 649)
[2022-12-09 05:21:19] Importing ObjectOutputStream$PutField.members.trap.gz (36 of 649)
[2022-12-09 05:21:19] Importing ObjectOutputStream.members.trap.gz (37 of 649)
[2022-12-09 05:21:19] Importing ObjectStreamClass$ClassDataSlot.members.trap.gz (38 of 649)
[2022-12-09 05:21:19] Importing ObjectStreamClass.members.trap.gz (39 of 649)
[2022-12-09 05:21:19] Importing ObjectStreamConstants.members.trap.gz (40 of 649)
[2022-12-09 05:21:19] Importing ObjectStreamException.members.trap.gz (41 of 649)
[2022-12-09 05:21:19] Importing ObjectStreamField.members.trap.gz (42 of 649)
[2022-12-09 05:21:19] Importing OptionalDataException.members.trap.gz (43 of 649)
[2022-12-09 05:21:19] Importing OutputStream.members.trap.gz (44 of 649)
[2022-12-09 05:21:19] Importing PrintStream.members.trap.gz (45 of 649)
[2022-12-09 05:21:19] Importing PrintWriter.members.trap.gz (46 of 649)
[2022-12-09 05:21:19] Importing Reader.members.trap.gz (47 of 649)
[2022-12-09 05:21:19] Importing Serializable.members.trap.gz (48 of 649)
[2022-12-09 05:21:19] Importing SerializablePermission.members.trap.gz (49 of 649)
[2022-12-09 05:21:19] Importing StreamCorruptedException.members.trap.gz (50 of 649)
[2022-12-09 05:21:19] Importing SyncFailedException.members.trap.gz (51 of 649)
[2022-12-09 05:21:19] Importing UnsupportedEncodingException.members.trap.gz (52 of 649)
[2022-12-09 05:21:19] Importing Writer.members.trap.gz (53 of 649)
[2022-12-09 05:21:19] Importing AbstractStringBuilder.members.trap.gz (54 of 649)
[2022-12-09 05:21:19] Importing Appendable.members.trap.gz (55 of 649)
[2022-12-09 05:21:19] Importing ArrayIndexOutOfBoundsException.members.trap.gz (56 of 649)
[2022-12-09 05:21:19] Importing AssertionError.members.trap.gz (57 of 649)
[2022-12-09 05:21:19] Importing AutoCloseable.members.trap.gz (58 of 649)
[2022-12-09 05:21:19] Importing Boolean.members.trap.gz (59 of 649)
[2022-12-09 05:21:19] Importing Byte.members.trap.gz (60 of 649)
[2022-12-09 05:21:19] Importing CharSequence.members.trap.gz (61 of 649)
[2022-12-09 05:21:19] Importing Character.members.trap.gz (62 of 649)
[2022-12-09 05:21:19] Importing Class.members.trap.gz (63 of 649)
[2022-12-09 05:21:19] Importing ClassFormatError.members.trap.gz (64 of 649)
[2022-12-09 05:21:19] Importing ClassLoader.members.trap.gz (65 of 649)
[2022-12-09 05:21:19] Importing ClassNotFoundException.members.trap.gz (66 of 649)
[2022-12-09 05:21:19] Importing ClassValue$ClassValueMap.members.trap.gz (67 of 649)
[2022-12-09 05:21:19] Importing ClassValue$Entry.members.trap.gz (68 of 649)
[2022-12-09 05:21:19] Importing ClassValue$Identity.members.trap.gz (69 of 649)
[2022-12-09 05:21:19] Importing ClassValue$Version.members.trap.gz (70 of 649)
[2022-12-09 05:21:19] Importing ClassValue.members.trap.gz (71 of 649)
[2022-12-09 05:21:19] Importing CloneNotSupportedException.members.trap.gz (72 of 649)
[2022-12-09 05:21:19] Importing Cloneable.members.trap.gz (73 of 649)
[2022-12-09 05:21:19] Importing Comparable.members.trap.gz (74 of 649)
[2022-12-09 05:21:19] Importing Deprecated.members.trap.gz (75 of 649)
[2022-12-09 05:21:19] Importing Double.members.trap.gz (76 of 649)
[2022-12-09 05:21:19] Importing Enum$EnumDesc.members.trap.gz (77 of 649)
[2022-12-09 05:21:19] Importing Enum.members.trap.gz (78 of 649)
[2022-12-09 05:21:19] Importing Error.members.trap.gz (79 of 649)
[2022-12-09 05:21:19] Importing Exception.members.trap.gz (80 of 649)
[2022-12-09 05:21:19] Importing Float.members.trap.gz (81 of 649)
[2022-12-09 05:21:19] Importing FunctionalInterface.members.trap.gz (82 of 649)
[2022-12-09 05:21:19] Importing IllegalAccessException.members.trap.gz (83 of 649)
[2022-12-09 05:21:19] Importing IllegalArgumentException.members.trap.gz (84 of 649)
[2022-12-09 05:21:19] Importing IndexOutOfBoundsException.members.trap.gz (85 of 649)
[2022-12-09 05:21:19] Importing InstantiationException.members.trap.gz (86 of 649)
[2022-12-09 05:21:19] Importing Integer.members.trap.gz (87 of 649)
[2022-12-09 05:21:19] Importing InternalError.members.trap.gz (88 of 649)
[2022-12-09 05:21:19] Importing InterruptedException.members.trap.gz (89 of 649)
[2022-12-09 05:21:19] Importing Iterable.members.trap.gz (90 of 649)
[2022-12-09 05:21:19] Importing LinkageError.members.trap.gz (91 of 649)
[2022-12-09 05:21:19] Importing Long.members.trap.gz (92 of 649)
[2022-12-09 05:21:19] Importing Module.members.trap.gz (93 of 649)
[2022-12-09 05:21:19] Importing ModuleLayer$Controller.members.trap.gz (94 of 649)
[2022-12-09 05:21:19] Importing ModuleLayer.members.trap.gz (95 of 649)
[2022-12-09 05:21:19] Importing NamedPackage.members.trap.gz (96 of 649)
[2022-12-09 05:21:19] Importing NoSuchFieldException.members.trap.gz (97 of 649)
[2022-12-09 05:21:19] Importing NoSuchMethodException.members.trap.gz (98 of 649)
[2022-12-09 05:21:19] Importing Number.members.trap.gz (99 of 649)
[2022-12-09 05:21:19] Importing NumberFormatException.members.trap.gz (100 of 649)
[2022-12-09 05:21:19] Importing Object.members.trap.gz (101 of 649)
[2022-12-09 05:21:19] Importing Package.members.trap.gz (102 of 649)
[2022-12-09 05:21:19] Importing Readable.members.trap.gz (103 of 649)
[2022-12-09 05:21:19] Importing ReflectiveOperationException.members.trap.gz (104 of 649)
[2022-12-09 05:21:19] Importing Runnable.members.trap.gz (105 of 649)
[2022-12-09 05:21:19] Importing RuntimeException.members.trap.gz (106 of 649)
[2022-12-09 05:21:19] Importing SafeVarargs.members.trap.gz (107 of 649)
[2022-12-09 05:21:19] Importing SecurityException.members.trap.gz (108 of 649)
[2022-12-09 05:21:19] Importing SecurityManager.members.trap.gz (109 of 649)
[2022-12-09 05:21:19] Importing Short.members.trap.gz (110 of 649)
[2022-12-09 05:21:19] Importing StackFrameInfo.members.trap.gz (111 of 649)
[2022-12-09 05:21:19] Importing StackTraceElement.members.trap.gz (112 of 649)
[2022-12-09 05:21:19] Importing StackWalker$ExtendedOption.members.trap.gz (113 of 649)
[2022-12-09 05:21:19] Importing StackWalker$Option.members.trap.gz (114 of 649)
[2022-12-09 05:21:19] Importing StackWalker$StackFrame.members.trap.gz (115 of 649)
[2022-12-09 05:21:19] Importing StackWalker.members.trap.gz (116 of 649)
[2022-12-09 05:21:19] Importing String.members.trap.gz (117 of 649)
[2022-12-09 05:21:19] Importing StringBuffer.members.trap.gz (118 of 649)
[2022-12-09 05:21:19] Importing StringBuilder.members.trap.gz (119 of 649)
[2022-12-09 05:21:19] Importing System$Logger$Level.members.trap.gz (120 of 649)
[2022-12-09 05:21:19] Importing System$Logger.members.trap.gz (121 of 649)
[2022-12-09 05:21:19] Importing System.members.trap.gz (122 of 649)
[2022-12-09 05:21:19] Importing Thread$State.members.trap.gz (123 of 649)
[2022-12-09 05:21:19] Importing Thread$UncaughtExceptionHandler.members.trap.gz (124 of 649)
[2022-12-09 05:21:19] Importing Thread.members.trap.gz (125 of 649)
[2022-12-09 05:21:19] Importing ThreadGroup.members.trap.gz (126 of 649)
[2022-12-09 05:21:19] Importing ThreadLocal$ThreadLocalMap.members.trap.gz (127 of 649)
[2022-12-09 05:21:19] Importing ThreadLocal.members.trap.gz (128 of 649)
[2022-12-09 05:21:19] Importing Throwable.members.trap.gz (129 of 649)
[2022-12-09 05:21:19] Importing TypeNotPresentException.members.trap.gz (130 of 649)
[2022-12-09 05:21:19] Importing UnsupportedOperationException.members.trap.gz (131 of 649)
[2022-12-09 05:21:19] Importing VirtualMachineError.members.trap.gz (132 of 649)
[2022-12-09 05:21:19] Importing Void.members.trap.gz (133 of 649)
[2022-12-09 05:21:19] Importing Annotation.members.trap.gz (134 of 649)
[2022-12-09 05:21:19] Importing Documented.members.trap.gz (135 of 649)
[2022-12-09 05:21:19] Importing ElementType.members.trap.gz (136 of 649)
[2022-12-09 05:21:19] Importing Inherited.members.trap.gz (137 of 649)
[2022-12-09 05:21:19] Importing Retention.members.trap.gz (138 of 649)
[2022-12-09 05:21:19] Importing RetentionPolicy.members.trap.gz (139 of 649)
[2022-12-09 05:21:19] Importing Target.members.trap.gz (140 of 649)
[2022-12-09 05:21:19] Importing ClassDesc.members.trap.gz (141 of 649)
[2022-12-09 05:21:19] Importing Constable.members.trap.gz (142 of 649)
[2022-12-09 05:21:19] Importing ConstantDesc.members.trap.gz (143 of 649)
[2022-12-09 05:21:19] Importing DirectMethodHandleDesc$Kind.members.trap.gz (144 of 649)
[2022-12-09 05:21:19] Importing DirectMethodHandleDesc.members.trap.gz (145 of 649)
[2022-12-09 05:21:19] Importing DynamicConstantDesc.members.trap.gz (146 of 649)
[2022-12-09 05:21:19] Importing MethodHandleDesc.members.trap.gz (147 of 649)
[2022-12-09 05:21:19] Importing MethodTypeDesc.members.trap.gz (148 of 649)
[2022-12-09 05:21:19] Importing BoundMethodHandle$Specializer$Factory.members.trap.gz (149 of 649)
[2022-12-09 05:21:19] Importing BoundMethodHandle$Specializer.members.trap.gz (150 of 649)
[2022-12-09 05:21:19] Importing BoundMethodHandle$SpeciesData.members.trap.gz (151 of 649)
[2022-12-09 05:21:19] Importing BoundMethodHandle.members.trap.gz (152 of 649)
[2022-12-09 05:21:19] Importing CallSite.members.trap.gz (153 of 649)
[2022-12-09 05:21:19] Importing ClassSpecializer$Factory.members.trap.gz (154 of 649)
[2022-12-09 05:21:19] Importing ClassSpecializer$SpeciesData.members.trap.gz (155 of 649)
[2022-12-09 05:21:19] Importing ClassSpecializer.members.trap.gz (156 of 649)
[2022-12-09 05:21:19] Importing DirectMethodHandle.members.trap.gz (157 of 649)
[2022-12-09 05:21:19] Importing Invokers.members.trap.gz (158 of 649)
[2022-12-09 05:21:19] Importing LambdaForm$BasicType.members.trap.gz (159 of 649)
[2022-12-09 05:21:19] Importing LambdaForm$Kind.members.trap.gz (160 of 649)
[2022-12-09 05:21:19] Importing LambdaForm$Name.members.trap.gz (161 of 649)
[2022-12-09 05:21:19] Importing LambdaForm$NamedFunction.members.trap.gz (162 of 649)
[2022-12-09 05:21:19] Importing LambdaForm.members.trap.gz (163 of 649)
[2022-12-09 05:21:19] Importing LambdaFormEditor.members.trap.gz (164 of 649)
[2022-12-09 05:21:19] Importing MemberName$Factory.members.trap.gz (165 of 649)
[2022-12-09 05:21:19] Importing MemberName.members.trap.gz (166 of 649)
[2022-12-09 05:21:19] Importing MethodHandle$PolymorphicSignature.members.trap.gz (167 of 649)
[2022-12-09 05:21:19] Importing MethodHandle.members.trap.gz (168 of 649)
[2022-12-09 05:21:19] Importing MethodHandleImpl$ArrayAccess.members.trap.gz (169 of 649)
[2022-12-09 05:21:19] Importing MethodHandleImpl$CasesHolder.members.trap.gz (170 of 649)
[2022-12-09 05:21:19] Importing MethodHandleImpl$Intrinsic.members.trap.gz (171 of 649)
[2022-12-09 05:21:19] Importing MethodHandleImpl$LoopClauses.members.trap.gz (172 of 649)
[2022-12-09 05:21:19] Importing MethodHandleImpl.members.trap.gz (173 of 649)
[2022-12-09 05:21:19] Importing MethodHandleInfo.members.trap.gz (174 of 649)
[2022-12-09 05:21:19] Importing MethodHandles$Lookup$ClassDefiner.members.trap.gz (175 of 649)
[2022-12-09 05:21:19] Importing MethodHandles$Lookup$ClassOption.members.trap.gz (176 of 649)
[2022-12-09 05:21:19] Importing MethodHandles$Lookup.members.trap.gz (177 of 649)
[2022-12-09 05:21:19] Importing MethodHandles.members.trap.gz (178 of 649)
[2022-12-09 05:21:19] Importing MethodType$ConcurrentWeakInternSet.members.trap.gz (179 of 649)
[2022-12-09 05:21:19] Importing MethodType.members.trap.gz (180 of 649)
[2022-12-09 05:21:19] Importing MethodTypeForm.members.trap.gz (181 of 649)
[2022-12-09 05:21:19] Importing TypeDescriptor$OfField.members.trap.gz (182 of 649)
[2022-12-09 05:21:19] Importing TypeDescriptor$OfMethod.members.trap.gz (183 of 649)
[2022-12-09 05:21:19] Importing TypeDescriptor.members.trap.gz (184 of 649)
[2022-12-09 05:21:19] Importing VarForm.members.trap.gz (185 of 649)
[2022-12-09 05:21:19] Importing VarHandle$AccessDescriptor.members.trap.gz (186 of 649)
[2022-12-09 05:21:19] Importing VarHandle$AccessMode.members.trap.gz (187 of 649)
[2022-12-09 05:21:19] Importing VarHandle$AccessType.members.trap.gz (188 of 649)
[2022-12-09 05:21:19] Importing VarHandle$TypesAndInvokers.members.trap.gz (189 of 649)
[2022-12-09 05:21:19] Importing VarHandle$VarHandleDesc.members.trap.gz (190 of 649)
[2022-12-09 05:21:19] Importing VarHandle.members.trap.gz (191 of 649)
[2022-12-09 05:21:19] Importing WrongMethodTypeException.members.trap.gz (192 of 649)
[2022-12-09 05:21:19] Importing Configuration.members.trap.gz (193 of 649)
[2022-12-09 05:21:19] Importing ModuleDescriptor$Builder.members.trap.gz (194 of 649)
[2022-12-09 05:21:19] Importing ModuleDescriptor$Exports$Modifier.members.trap.gz (195 of 649)
[2022-12-09 05:21:19] Importing ModuleDescriptor$Exports.members.trap.gz (196 of 649)
[2022-12-09 05:21:19] Importing ModuleDescriptor$Modifier.members.trap.gz (197 of 649)
[2022-12-09 05:21:19] Importing ModuleDescriptor$Opens$Modifier.members.trap.gz (198 of 649)
[2022-12-09 05:21:19] Importing ModuleDescriptor$Opens.members.trap.gz (199 of 649)
[2022-12-09 05:21:19] Importing ModuleDescriptor$Provides.members.trap.gz (200 of 649)
[2022-12-09 05:21:19] Importing ModuleDescriptor$Requires$Modifier.members.trap.gz (201 of 649)
[2022-12-09 05:21:19] Importing ModuleDescriptor$Requires.members.trap.gz (202 of 649)
[2022-12-09 05:21:19] Importing ModuleDescriptor$Version.members.trap.gz (203 of 649)
[2022-12-09 05:21:19] Importing ModuleDescriptor.members.trap.gz (204 of 649)
[2022-12-09 05:21:19] Importing ModuleFinder.members.trap.gz (205 of 649)
[2022-12-09 05:21:19] Importing ModuleReader.members.trap.gz (206 of 649)
[2022-12-09 05:21:19] Importing ModuleReference.members.trap.gz (207 of 649)
[2022-12-09 05:21:19] Importing ResolvedModule.members.trap.gz (208 of 649)
[2022-12-09 05:21:19] Importing Cleaner$Cleanable.members.trap.gz (209 of 649)
[2022-12-09 05:21:19] Importing Cleaner.members.trap.gz (210 of 649)
[2022-12-09 05:21:19] Importing PhantomReference.members.trap.gz (211 of 649)
[2022-12-09 05:21:19] Importing Reference.members.trap.gz (212 of 649)
[2022-12-09 05:21:19] Importing ReferenceQueue.members.trap.gz (213 of 649)
[2022-12-09 05:21:19] Importing SoftReference.members.trap.gz (214 of 649)
[2022-12-09 05:21:19] Importing WeakReference.members.trap.gz (215 of 649)
[2022-12-09 05:21:19] Importing AccessibleObject.members.trap.gz (216 of 649)
[2022-12-09 05:21:19] Importing AnnotatedElement.members.trap.gz (217 of 649)
[2022-12-09 05:21:19] Importing AnnotatedType.members.trap.gz (218 of 649)
[2022-12-09 05:21:19] Importing Constructor.members.trap.gz (219 of 649)
[2022-12-09 05:21:19] Importing Executable.members.trap.gz (220 of 649)
[2022-12-09 05:21:19] Importing Field.members.trap.gz (221 of 649)
[2022-12-09 05:21:19] Importing GenericDeclaration.members.trap.gz (222 of 649)
[2022-12-09 05:21:19] Importing InvocationTargetException.members.trap.gz (223 of 649)
[2022-12-09 05:21:19] Importing Member.members.trap.gz (224 of 649)
[2022-12-09 05:21:19] Importing Method.members.trap.gz (225 of 649)
[2022-12-09 05:21:19] Importing Parameter.members.trap.gz (226 of 649)
[2022-12-09 05:21:19] Importing ParameterizedType.members.trap.gz (227 of 649)
[2022-12-09 05:21:19] Importing RecordComponent.members.trap.gz (228 of 649)
[2022-12-09 05:21:19] Importing Type.members.trap.gz (229 of 649)
[2022-12-09 05:21:19] Importing TypeVariable.members.trap.gz (230 of 649)
[2022-12-09 05:21:19] Importing WildcardType.members.trap.gz (231 of 649)
[2022-12-09 05:21:19] Importing BigInteger.members.trap.gz (232 of 649)
[2022-12-09 05:21:19] Importing ContentHandler.members.trap.gz (233 of 649)
[2022-12-09 05:21:19] Importing ContentHandlerFactory.members.trap.gz (234 of 649)
[2022-12-09 05:21:19] Importing FileNameMap.members.trap.gz (235 of 649)
[2022-12-09 05:21:19] Importing InetAddress$InetAddressHolder.members.trap.gz (236 of 649)
[2022-12-09 05:21:19] Importing InetAddress.members.trap.gz (237 of 649)
[2022-12-09 05:21:19] Importing InetAddressImpl.members.trap.gz (238 of 649)
[2022-12-09 05:21:19] Importing InterfaceAddress.members.trap.gz (239 of 649)
[2022-12-09 05:21:19] Importing MalformedURLException.members.trap.gz (240 of 649)
[2022-12-09 05:21:19] Importing NetworkInterface.members.trap.gz (241 of 649)
[2022-12-09 05:21:19] Importing Proxy$Type.members.trap.gz (242 of 649)
[2022-12-09 05:21:19] Importing Proxy.members.trap.gz (243 of 649)
[2022-12-09 05:21:19] Importing SocketAddress.members.trap.gz (244 of 649)
[2022-12-09 05:21:19] Importing SocketException.members.trap.gz (245 of 649)
[2022-12-09 05:21:19] Importing URI.members.trap.gz (246 of 649)
[2022-12-09 05:21:19] Importing URISyntaxException.members.trap.gz (247 of 649)
[2022-12-09 05:21:19] Importing URL.members.trap.gz (248 of 649)
[2022-12-09 05:21:19] Importing URLConnection.members.trap.gz (249 of 649)
[2022-12-09 05:21:19] Importing URLStreamHandler.members.trap.gz (250 of 649)
[2022-12-09 05:21:19] Importing URLStreamHandlerFactory.members.trap.gz (251 of 649)
[2022-12-09 05:21:19] Importing UnknownHostException.members.trap.gz (252 of 649)
[2022-12-09 05:21:19] Importing Buffer.members.trap.gz (253 of 649)
[2022-12-09 05:21:19] Importing ByteBuffer.members.trap.gz (254 of 649)
[2022-12-09 05:21:19] Importing ByteOrder.members.trap.gz (255 of 649)
[2022-12-09 05:21:19] Importing CharBuffer.members.trap.gz (256 of 649)
[2022-12-09 05:21:19] Importing DoubleBuffer.members.trap.gz (257 of 649)
[2022-12-09 05:21:19] Importing FloatBuffer.members.trap.gz (258 of 649)
[2022-12-09 05:21:19] Importing IntBuffer.members.trap.gz (259 of 649)
[2022-12-09 05:21:19] Importing LongBuffer.members.trap.gz (260 of 649)
[2022-12-09 05:21:19] Importing MappedByteBuffer.members.trap.gz (261 of 649)
[2022-12-09 05:21:19] Importing ShortBuffer.members.trap.gz (262 of 649)
[2022-12-09 05:21:19] Importing AsynchronousChannel.members.trap.gz (263 of 649)
[2022-12-09 05:21:19] Importing AsynchronousCloseException.members.trap.gz (264 of 649)
[2022-12-09 05:21:19] Importing AsynchronousFileChannel.members.trap.gz (265 of 649)
[2022-12-09 05:21:19] Importing ByteChannel.members.trap.gz (266 of 649)
[2022-12-09 05:21:19] Importing Channel.members.trap.gz (267 of 649)
[2022-12-09 05:21:19] Importing ClosedChannelException.members.trap.gz (268 of 649)
[2022-12-09 05:21:19] Importing CompletionHandler.members.trap.gz (269 of 649)
[2022-12-09 05:21:19] Importing FileChannel$MapMode.members.trap.gz (270 of 649)
[2022-12-09 05:21:19] Importing FileChannel.members.trap.gz (271 of 649)
[2022-12-09 05:21:19] Importing FileLock.members.trap.gz (272 of 649)
[2022-12-09 05:21:19] Importing GatheringByteChannel.members.trap.gz (273 of 649)
[2022-12-09 05:21:19] Importing InterruptibleChannel.members.trap.gz (274 of 649)
[2022-12-09 05:21:19] Importing ReadableByteChannel.members.trap.gz (275 of 649)
[2022-12-09 05:21:19] Importing ScatteringByteChannel.members.trap.gz (276 of 649)
[2022-12-09 05:21:19] Importing SeekableByteChannel.members.trap.gz (277 of 649)
[2022-12-09 05:21:19] Importing WritableByteChannel.members.trap.gz (278 of 649)
[2022-12-09 05:21:19] Importing AbstractInterruptibleChannel.members.trap.gz (279 of 649)
[2022-12-09 05:21:19] Importing CharacterCodingException.members.trap.gz (280 of 649)
[2022-12-09 05:21:19] Importing Charset.members.trap.gz (281 of 649)
[2022-12-09 05:21:19] Importing CharsetDecoder.members.trap.gz (282 of 649)
[2022-12-09 05:21:19] Importing CharsetEncoder.members.trap.gz (283 of 649)
[2022-12-09 05:21:19] Importing CoderResult.members.trap.gz (284 of 649)
[2022-12-09 05:21:19] Importing CodingErrorAction.members.trap.gz (285 of 649)
[2022-12-09 05:21:19] Importing AccessMode.members.trap.gz (286 of 649)
[2022-12-09 05:21:19] Importing CopyOption.members.trap.gz (287 of 649)
[2022-12-09 05:21:19] Importing DirectoryStream$Filter.members.trap.gz (288 of 649)
[2022-12-09 05:21:19] Importing DirectoryStream.members.trap.gz (289 of 649)
[2022-12-09 05:21:19] Importing FileStore.members.trap.gz (290 of 649)
[2022-12-09 05:21:19] Importing FileSystem.members.trap.gz (291 of 649)
[2022-12-09 05:21:19] Importing LinkOption.members.trap.gz (292 of 649)
[2022-12-09 05:21:19] Importing OpenOption.members.trap.gz (293 of 649)
[2022-12-09 05:21:19] Importing Path.members.trap.gz (294 of 649)
[2022-12-09 05:21:19] Importing PathMatcher.members.trap.gz (295 of 649)
[2022-12-09 05:21:19] Importing WatchEvent$Kind.members.trap.gz (296 of 649)
[2022-12-09 05:21:19] Importing WatchEvent$Modifier.members.trap.gz (297 of 649)
[2022-12-09 05:21:19] Importing WatchEvent.members.trap.gz (298 of 649)
[2022-12-09 05:21:19] Importing WatchKey.members.trap.gz (299 of 649)
[2022-12-09 05:21:19] Importing WatchService.members.trap.gz (300 of 649)
[2022-12-09 05:21:19] Importing Watchable.members.trap.gz (301 of 649)
[2022-12-09 05:21:19] Importing AttributeView.members.trap.gz (302 of 649)
[2022-12-09 05:21:19] Importing BasicFileAttributes.members.trap.gz (303 of 649)
[2022-12-09 05:21:19] Importing FileAttribute.members.trap.gz (304 of 649)
[2022-12-09 05:21:19] Importing FileAttributeView.members.trap.gz (305 of 649)
[2022-12-09 05:21:19] Importing FileStoreAttributeView.members.trap.gz (306 of 649)
[2022-12-09 05:21:19] Importing FileTime.members.trap.gz (307 of 649)
[2022-12-09 05:21:19] Importing GroupPrincipal.members.trap.gz (308 of 649)
[2022-12-09 05:21:19] Importing UserPrincipal.members.trap.gz (309 of 649)
[2022-12-09 05:21:19] Importing UserPrincipalLookupService.members.trap.gz (310 of 649)
[2022-12-09 05:21:19] Importing FileSystemProvider.members.trap.gz (311 of 649)
[2022-12-09 05:21:19] Importing AccessControlContext.members.trap.gz (312 of 649)
[2022-12-09 05:21:19] Importing AccessControlException.members.trap.gz (313 of 649)
[2022-12-09 05:21:19] Importing AlgorithmParameters.members.trap.gz (314 of 649)
[2022-12-09 05:21:19] Importing AlgorithmParametersSpi.members.trap.gz (315 of 649)
[2022-12-09 05:21:19] Importing BasicPermission.members.trap.gz (316 of 649)
[2022-12-09 05:21:19] Importing CodeSigner.members.trap.gz (317 of 649)
[2022-12-09 05:21:19] Importing CodeSource.members.trap.gz (318 of 649)
[2022-12-09 05:21:19] Importing DomainCombiner.members.trap.gz (319 of 649)
[2022-12-09 05:21:19] Importing GeneralSecurityException.members.trap.gz (320 of 649)
[2022-12-09 05:21:19] Importing Guard.members.trap.gz (321 of 649)
[2022-12-09 05:21:19] Importing InvalidAlgorithmParameterException.members.trap.gz (322 of 649)
[2022-12-09 05:21:19] Importing InvalidKeyException.members.trap.gz (323 of 649)
[2022-12-09 05:21:19] Importing InvalidParameterException.members.trap.gz (324 of 649)
[2022-12-09 05:21:19] Importing Key.members.trap.gz (325 of 649)
[2022-12-09 05:21:19] Importing KeyException.members.trap.gz (326 of 649)
[2022-12-09 05:21:19] Importing KeyPair.members.trap.gz (327 of 649)
[2022-12-09 05:21:19] Importing KeyPairGenerator.members.trap.gz (328 of 649)
[2022-12-09 05:21:19] Importing KeyPairGeneratorSpi.members.trap.gz (329 of 649)
[2022-12-09 05:21:19] Importing NoSuchAlgorithmException.members.trap.gz (330 of 649)
[2022-12-09 05:21:19] Importing NoSuchProviderException.members.trap.gz (331 of 649)
[2022-12-09 05:21:19] Importing Permission.members.trap.gz (332 of 649)
[2022-12-09 05:21:19] Importing PermissionCollection.members.trap.gz (333 of 649)
[2022-12-09 05:21:19] Importing Principal.members.trap.gz (334 of 649)
[2022-12-09 05:21:19] Importing PrivateKey.members.trap.gz (335 of 649)
[2022-12-09 05:21:19] Importing PrivilegedAction.members.trap.gz (336 of 649)
[2022-12-09 05:21:19] Importing PrivilegedActionException.members.trap.gz (337 of 649)
[2022-12-09 05:21:19] Importing PrivilegedExceptionAction.members.trap.gz (338 of 649)
[2022-12-09 05:21:19] Importing ProtectionDomain$Key.members.trap.gz (339 of 649)
[2022-12-09 05:21:19] Importing ProtectionDomain.members.trap.gz (340 of 649)
[2022-12-09 05:21:19] Importing Provider$Service.members.trap.gz (341 of 649)
[2022-12-09 05:21:19] Importing Provider.members.trap.gz (342 of 649)
[2022-12-09 05:21:19] Importing PublicKey.members.trap.gz (343 of 649)
[2022-12-09 05:21:19] Importing SecureRandom.members.trap.gz (344 of 649)
[2022-12-09 05:21:19] Importing SecureRandomParameters.members.trap.gz (345 of 649)
[2022-12-09 05:21:19] Importing SecureRandomSpi.members.trap.gz (346 of 649)
[2022-12-09 05:21:19] Importing Signature.members.trap.gz (347 of 649)
[2022-12-09 05:21:19] Importing SignatureException.members.trap.gz (348 of 649)
[2022-12-09 05:21:19] Importing SignatureSpi.members.trap.gz (349 of 649)
[2022-12-09 05:21:19] Importing Timestamp.members.trap.gz (350 of 649)
[2022-12-09 05:21:19] Importing CertPath.members.trap.gz (351 of 649)
[2022-12-09 05:21:19] Importing Certificate.members.trap.gz (352 of 649)
[2022-12-09 05:21:19] Importing CertificateEncodingException.members.trap.gz (353 of 649)
[2022-12-09 05:21:19] Importing CertificateException.members.trap.gz (354 of 649)
[2022-12-09 05:21:19] Importing AlgorithmParameterSpec.members.trap.gz (355 of 649)
[2022-12-09 05:21:19] Importing InvalidParameterSpecException.members.trap.gz (356 of 649)
[2022-12-09 05:21:19] Importing AttributedCharacterIterator$Attribute.members.trap.gz (357 of 649)
[2022-12-09 05:21:19] Importing AttributedCharacterIterator.members.trap.gz (358 of 649)
[2022-12-09 05:21:19] Importing CharacterIterator.members.trap.gz (359 of 649)
[2022-12-09 05:21:19] Importing FieldPosition.members.trap.gz (360 of 649)
[2022-12-09 05:21:19] Importing Format$Field.members.trap.gz (361 of 649)
[2022-12-09 05:21:19] Importing Format$FieldDelegate.members.trap.gz (362 of 649)
[2022-12-09 05:21:19] Importing Format.members.trap.gz (363 of 649)
[2022-12-09 05:21:19] Importing ParseException.members.trap.gz (364 of 649)
[2022-12-09 05:21:19] Importing ParsePosition.members.trap.gz (365 of 649)
[2022-12-09 05:21:19] Importing Clock.members.trap.gz (366 of 649)
[2022-12-09 05:21:19] Importing DayOfWeek.members.trap.gz (367 of 649)
[2022-12-09 05:21:19] Importing Duration.members.trap.gz (368 of 649)
[2022-12-09 05:21:19] Importing Instant.members.trap.gz (369 of 649)
[2022-12-09 05:21:19] Importing InstantSource.members.trap.gz (370 of 649)
[2022-12-09 05:21:19] Importing LocalDate.members.trap.gz (371 of 649)
[2022-12-09 05:21:19] Importing LocalDateTime.members.trap.gz (372 of 649)
[2022-12-09 05:21:19] Importing LocalTime.members.trap.gz (373 of 649)
[2022-12-09 05:21:19] Importing Month.members.trap.gz (374 of 649)
[2022-12-09 05:21:19] Importing OffsetDateTime.members.trap.gz (375 of 649)
[2022-12-09 05:21:19] Importing OffsetTime.members.trap.gz (376 of 649)
[2022-12-09 05:21:19] Importing Period.members.trap.gz (377 of 649)
[2022-12-09 05:21:19] Importing ZoneId.members.trap.gz (378 of 649)
[2022-12-09 05:21:19] Importing ZoneOffset.members.trap.gz (379 of 649)
[2022-12-09 05:21:19] Importing ZonedDateTime.members.trap.gz (380 of 649)
[2022-12-09 05:21:19] Importing AbstractChronology.members.trap.gz (381 of 649)
[2022-12-09 05:21:19] Importing ChronoLocalDate.members.trap.gz (382 of 649)
[2022-12-09 05:21:19] Importing ChronoLocalDateTime.members.trap.gz (383 of 649)
[2022-12-09 05:21:19] Importing ChronoPeriod.members.trap.gz (384 of 649)
[2022-12-09 05:21:19] Importing ChronoZonedDateTime.members.trap.gz (385 of 649)
[2022-12-09 05:21:19] Importing Chronology.members.trap.gz (386 of 649)
[2022-12-09 05:21:19] Importing Era.members.trap.gz (387 of 649)
[2022-12-09 05:21:19] Importing IsoChronology.members.trap.gz (388 of 649)
[2022-12-09 05:21:19] Importing IsoEra.members.trap.gz (389 of 649)
[2022-12-09 05:21:19] Importing DateTimeFormatter.members.trap.gz (390 of 649)
[2022-12-09 05:21:19] Importing DateTimeFormatterBuilder$CompositePrinterParser.members.trap.gz (391 of 649)
[2022-12-09 05:21:19] Importing DateTimeFormatterBuilder$DateTimePrinterParser.members.trap.gz (392 of 649)
[2022-12-09 05:21:19] Importing DateTimeFormatterBuilder$DayPeriod.members.trap.gz (393 of 649)
[2022-12-09 05:21:19] Importing DateTimeFormatterBuilder.members.trap.gz (394 of 649)
[2022-12-09 05:21:19] Importing DateTimeParseContext.members.trap.gz (395 of 649)
[2022-12-09 05:21:19] Importing DateTimePrintContext.members.trap.gz (396 of 649)
[2022-12-09 05:21:19] Importing DecimalStyle.members.trap.gz (397 of 649)
[2022-12-09 05:21:19] Importing FormatStyle.members.trap.gz (398 of 649)
[2022-12-09 05:21:19] Importing Parsed.members.trap.gz (399 of 649)
[2022-12-09 05:21:19] Importing ResolverStyle.members.trap.gz (400 of 649)
[2022-12-09 05:21:19] Importing SignStyle.members.trap.gz (401 of 649)
[2022-12-09 05:21:19] Importing TextStyle.members.trap.gz (402 of 649)
[2022-12-09 05:21:19] Importing ChronoField.members.trap.gz (403 of 649)
[2022-12-09 05:21:19] Importing ChronoUnit.members.trap.gz (404 of 649)
[2022-12-09 05:21:19] Importing Temporal.members.trap.gz (405 of 649)
[2022-12-09 05:21:19] Importing TemporalAccessor.members.trap.gz (406 of 649)
[2022-12-09 05:21:19] Importing TemporalAdjuster.members.trap.gz (407 of 649)
[2022-12-09 05:21:19] Importing TemporalAmount.members.trap.gz (408 of 649)
[2022-12-09 05:21:19] Importing TemporalField.members.trap.gz (409 of 649)
[2022-12-09 05:21:19] Importing TemporalQuery.members.trap.gz (410 of 649)
[2022-12-09 05:21:19] Importing TemporalUnit.members.trap.gz (411 of 649)
[2022-12-09 05:21:19] Importing ValueRange.members.trap.gz (412 of 649)
[2022-12-09 05:21:19] Importing ZoneOffsetTransition.members.trap.gz (413 of 649)
[2022-12-09 05:21:19] Importing ZoneOffsetTransitionRule$TimeDefinition.members.trap.gz (414 of 649)
[2022-12-09 05:21:19] Importing ZoneOffsetTransitionRule.members.trap.gz (415 of 649)
[2022-12-09 05:21:19] Importing ZoneRules.members.trap.gz (416 of 649)
[2022-12-09 05:21:19] Importing AbstractCollection.members.trap.gz (417 of 649)
[2022-12-09 05:21:19] Importing AbstractMap.members.trap.gz (418 of 649)
[2022-12-09 05:21:19] Importing AbstractSet.members.trap.gz (419 of 649)
[2022-12-09 05:21:19] Importing Collection.members.trap.gz (420 of 649)
[2022-12-09 05:21:19] Importing Comparator.members.trap.gz (421 of 649)
[2022-12-09 05:21:19] Importing Date.members.trap.gz (422 of 649)
[2022-12-09 05:21:19] Importing Dictionary.members.trap.gz (423 of 649)
[2022-12-09 05:21:19] Importing DoubleSummaryStatistics.members.trap.gz (424 of 649)
[2022-12-09 05:21:19] Importing EnumSet.members.trap.gz (425 of 649)
[2022-12-09 05:21:19] Importing Enumeration.members.trap.gz (426 of 649)
[2022-12-09 05:21:19] Importing Hashtable.members.trap.gz (427 of 649)
[2022-12-09 05:21:19] Importing IntSummaryStatistics.members.trap.gz (428 of 649)
[2022-12-09 05:21:19] Importing InvalidPropertiesFormatException.members.trap.gz (429 of 649)
[2022-12-09 05:21:19] Importing Iterator.members.trap.gz (430 of 649)
[2022-12-09 05:21:19] Importing List.members.trap.gz (431 of 649)
[2022-12-09 05:21:19] Importing ListIterator.members.trap.gz (432 of 649)
[2022-12-09 05:21:19] Importing Locale$Category.members.trap.gz (433 of 649)
[2022-12-09 05:21:19] Importing Locale$FilteringMode.members.trap.gz (434 of 649)
[2022-12-09 05:21:19] Importing Locale$IsoCountryCode.members.trap.gz (435 of 649)
[2022-12-09 05:21:19] Importing Locale$LanguageRange.members.trap.gz (436 of 649)
[2022-12-09 05:21:19] Importing Locale.members.trap.gz (437 of 649)
[2022-12-09 05:21:19] Importing LongSummaryStatistics.members.trap.gz (438 of 649)
[2022-12-09 05:21:19] Importing Map$Entry.members.trap.gz (439 of 649)
[2022-12-09 05:21:19] Importing Map.members.trap.gz (440 of 649)
[2022-12-09 05:21:19] Importing MissingResourceException.members.trap.gz (441 of 649)
[2022-12-09 05:21:19] Importing Optional.members.trap.gz (442 of 649)
[2022-12-09 05:21:19] Importing OptionalDouble.members.trap.gz (443 of 649)
[2022-12-09 05:21:19] Importing OptionalInt.members.trap.gz (444 of 649)
[2022-12-09 05:21:19] Importing OptionalLong.members.trap.gz (445 of 649)
[2022-12-09 05:21:19] Importing PrimitiveIterator$OfDouble.members.trap.gz (446 of 649)
[2022-12-09 05:21:19] Importing PrimitiveIterator$OfInt.members.trap.gz (447 of 649)
[2022-12-09 05:21:19] Importing PrimitiveIterator$OfLong.members.trap.gz (448 of 649)
[2022-12-09 05:21:19] Importing PrimitiveIterator.members.trap.gz (449 of 649)
[2022-12-09 05:21:19] Importing Properties.members.trap.gz (450 of 649)
[2022-12-09 05:21:19] Importing Random.members.trap.gz (451 of 649)
[2022-12-09 05:21:19] Importing ResourceBundle$Control.members.trap.gz (452 of 649)
[2022-12-09 05:21:19] Importing ResourceBundle.members.trap.gz (453 of 649)
[2022-12-09 05:21:19] Importing Set.members.trap.gz (454 of 649)
[2022-12-09 05:21:19] Importing SortedMap.members.trap.gz (455 of 649)
[2022-12-09 05:21:19] Importing Spliterator$OfDouble.members.trap.gz (456 of 649)
[2022-12-09 05:21:19] Importing Spliterator$OfInt.members.trap.gz (457 of 649)
[2022-12-09 05:21:19] Importing Spliterator$OfLong.members.trap.gz (458 of 649)
[2022-12-09 05:21:19] Importing Spliterator$OfPrimitive.members.trap.gz (459 of 649)
[2022-12-09 05:21:19] Importing Spliterator.members.trap.gz (460 of 649)
[2022-12-09 05:21:19] Importing WeakHashMap$Entry.members.trap.gz (461 of 649)
[2022-12-09 05:21:19] Importing WeakHashMap.members.trap.gz (462 of 649)
[2022-12-09 05:21:19] Importing Callable.members.trap.gz (463 of 649)
[2022-12-09 05:21:19] Importing ConcurrentHashMap$CollectionView.members.trap.gz (464 of 649)
[2022-12-09 05:21:19] Importing ConcurrentHashMap$KeySetView.members.trap.gz (465 of 649)
[2022-12-09 05:21:19] Importing ConcurrentHashMap$Node.members.trap.gz (466 of 649)
[2022-12-09 05:21:19] Importing ConcurrentHashMap.members.trap.gz (467 of 649)
[2022-12-09 05:21:19] Importing ConcurrentMap.members.trap.gz (468 of 649)
[2022-12-09 05:21:19] Importing ExecutionException.members.trap.gz (469 of 649)
[2022-12-09 05:21:19] Importing Executor.members.trap.gz (470 of 649)
[2022-12-09 05:21:19] Importing ExecutorService.members.trap.gz (471 of 649)
[2022-12-09 05:21:19] Importing Future.members.trap.gz (472 of 649)
[2022-12-09 05:21:19] Importing ThreadFactory.members.trap.gz (473 of 649)
[2022-12-09 05:21:19] Importing TimeUnit.members.trap.gz (474 of 649)
[2022-12-09 05:21:19] Importing TimeoutException.members.trap.gz (475 of 649)
[2022-12-09 05:21:20] Importing BiConsumer.members.trap.gz (476 of 649)
[2022-12-09 05:21:20] Importing BiFunction.members.trap.gz (477 of 649)
[2022-12-09 05:21:20] Importing BinaryOperator.members.trap.gz (478 of 649)
[2022-12-09 05:21:20] Importing BooleanSupplier.members.trap.gz (479 of 649)
[2022-12-09 05:21:20] Importing Consumer.members.trap.gz (480 of 649)
[2022-12-09 05:21:20] Importing DoubleBinaryOperator.members.trap.gz (481 of 649)
[2022-12-09 05:21:20] Importing DoubleConsumer.members.trap.gz (482 of 649)
[2022-12-09 05:21:20] Importing DoubleFunction.members.trap.gz (483 of 649)
[2022-12-09 05:21:20] Importing DoublePredicate.members.trap.gz (484 of 649)
[2022-12-09 05:21:20] Importing DoubleSupplier.members.trap.gz (485 of 649)
[2022-12-09 05:21:20] Importing DoubleToIntFunction.members.trap.gz (486 of 649)
[2022-12-09 05:21:20] Importing DoubleToLongFunction.members.trap.gz (487 of 649)
[2022-12-09 05:21:20] Importing DoubleUnaryOperator.members.trap.gz (488 of 649)
[2022-12-09 05:21:20] Importing Function.members.trap.gz (489 of 649)
[2022-12-09 05:21:20] Importing IntBinaryOperator.members.trap.gz (490 of 649)
[2022-12-09 05:21:20] Importing IntConsumer.members.trap.gz (491 of 649)
[2022-12-09 05:21:20] Importing IntFunction.members.trap.gz (492 of 649)
[2022-12-09 05:21:20] Importing IntPredicate.members.trap.gz (493 of 649)
[2022-12-09 05:21:20] Importing IntSupplier.members.trap.gz (494 of 649)
[2022-12-09 05:21:20] Importing IntToDoubleFunction.members.trap.gz (495 of 649)
[2022-12-09 05:21:20] Importing IntToLongFunction.members.trap.gz (496 of 649)
[2022-12-09 05:21:20] Importing IntUnaryOperator.members.trap.gz (497 of 649)
[2022-12-09 05:21:20] Importing LongBinaryOperator.members.trap.gz (498 of 649)
[2022-12-09 05:21:20] Importing LongConsumer.members.trap.gz (499 of 649)
[2022-12-09 05:21:20] Importing LongFunction.members.trap.gz (500 of 649)
[2022-12-09 05:21:20] Importing LongPredicate.members.trap.gz (501 of 649)
[2022-12-09 05:21:20] Importing LongSupplier.members.trap.gz (502 of 649)
[2022-12-09 05:21:20] Importing LongToDoubleFunction.members.trap.gz (503 of 649)
[2022-12-09 05:21:20] Importing LongToIntFunction.members.trap.gz (504 of 649)
[2022-12-09 05:21:20] Importing LongUnaryOperator.members.trap.gz (505 of 649)
[2022-12-09 05:21:20] Importing ObjDoubleConsumer.members.trap.gz (506 of 649)
[2022-12-09 05:21:20] Importing ObjIntConsumer.members.trap.gz (507 of 649)
[2022-12-09 05:21:20] Importing ObjLongConsumer.members.trap.gz (508 of 649)
[2022-12-09 05:21:20] Importing Predicate.members.trap.gz (509 of 649)
[2022-12-09 05:21:20] Importing Supplier.members.trap.gz (510 of 649)
[2022-12-09 05:21:20] Importing ToDoubleBiFunction.members.trap.gz (511 of 649)
[2022-12-09 05:21:20] Importing ToDoubleFunction.members.trap.gz (512 of 649)
[2022-12-09 05:21:20] Importing ToIntBiFunction.members.trap.gz (513 of 649)
[2022-12-09 05:21:20] Importing ToIntFunction.members.trap.gz (514 of 649)
[2022-12-09 05:21:20] Importing ToLongBiFunction.members.trap.gz (515 of 649)
[2022-12-09 05:21:20] Importing ToLongFunction.members.trap.gz (516 of 649)
[2022-12-09 05:21:20] Importing UnaryOperator.members.trap.gz (517 of 649)
[2022-12-09 05:21:20] Importing RandomGenerator.members.trap.gz (518 of 649)
[2022-12-09 05:21:20] Importing BaseStream.members.trap.gz (519 of 649)
[2022-12-09 05:21:20] Importing Collector$Characteristics.members.trap.gz (520 of 649)
[2022-12-09 05:21:20] Importing Collector.members.trap.gz (521 of 649)
[2022-12-09 05:21:20] Importing DoubleStream$Builder.members.trap.gz (522 of 649)
[2022-12-09 05:21:20] Importing DoubleStream$DoubleMapMultiConsumer.members.trap.gz (523 of 649)
[2022-12-09 05:21:20] Importing DoubleStream.members.trap.gz (524 of 649)
[2022-12-09 05:21:20] Importing IntStream$Builder.members.trap.gz (525 of 649)
[2022-12-09 05:21:20] Importing IntStream$IntMapMultiConsumer.members.trap.gz (526 of 649)
[2022-12-09 05:21:20] Importing IntStream.members.trap.gz (527 of 649)
[2022-12-09 05:21:20] Importing LongStream$Builder.members.trap.gz (528 of 649)
[2022-12-09 05:21:20] Importing LongStream$LongMapMultiConsumer.members.trap.gz (529 of 649)
[2022-12-09 05:21:20] Importing LongStream.members.trap.gz (530 of 649)
[2022-12-09 05:21:20] Importing Stream$Builder.members.trap.gz (531 of 649)
[2022-12-09 05:21:20] Importing Stream.members.trap.gz (532 of 649)
[2022-12-09 05:21:20] Importing DestroyFailedException.members.trap.gz (533 of 649)
[2022-12-09 05:21:20] Importing Destroyable.members.trap.gz (534 of 649)
[2022-12-09 05:21:20] Importing Subject.members.trap.gz (535 of 649)
[2022-12-09 05:21:20] Importing ValueBased.members.trap.gz (536 of 649)
[2022-12-09 05:21:20] Importing MemorySegmentProxy.members.trap.gz (537 of 649)
[2022-12-09 05:21:20] Importing UnmapperProxy.members.trap.gz (538 of 649)
[2022-12-09 05:21:20] Importing NativeLibrary.members.trap.gz (539 of 649)
[2022-12-09 05:21:20] Importing ScopedMemoryAccess$Scope$Handle.members.trap.gz (540 of 649)
[2022-12-09 05:21:20] Importing ScopedMemoryAccess$Scope$ScopedAccessError.members.trap.gz (541 of 649)
[2022-12-09 05:21:20] Importing ScopedMemoryAccess$Scope.members.trap.gz (542 of 649)
[2022-12-09 05:21:20] Importing ScopedMemoryAccess$Scoped.members.trap.gz (543 of 649)
[2022-12-09 05:21:20] Importing ScopedMemoryAccess.members.trap.gz (544 of 649)
[2022-12-09 05:21:20] Importing Unsafe.members.trap.gz (545 of 649)
[2022-12-09 05:21:20] Importing ServicesCatalog$ServiceProvider.members.trap.gz (546 of 649)
[2022-12-09 05:21:20] Importing ServicesCatalog.members.trap.gz (547 of 649)
[2022-12-09 05:21:20] Importing CleanerImpl.members.trap.gz (548 of 649)
[2022-12-09 05:21:20] Importing PhantomCleanable.members.trap.gz (549 of 649)
[2022-12-09 05:21:20] Importing CallerSensitive.members.trap.gz (550 of 649)
[2022-12-09 05:21:20] Importing ConstantPool$Tag.members.trap.gz (551 of 649)
[2022-12-09 05:21:20] Importing ConstantPool.members.trap.gz (552 of 649)
[2022-12-09 05:21:20] Importing ConstructorAccessor.members.trap.gz (553 of 649)
[2022-12-09 05:21:20] Importing FieldAccessor.members.trap.gz (554 of 649)
[2022-12-09 05:21:20] Importing MethodAccessor.members.trap.gz (555 of 649)
[2022-12-09 05:21:20] Importing ReflectionFactory.members.trap.gz (556 of 649)
[2022-12-09 05:21:20] Importing RandomSupport$RandomGeneratorProperties.members.trap.gz (557 of 649)
[2022-12-09 05:21:20] Importing RandomSupport.members.trap.gz (558 of 649)
[2022-12-09 05:21:20] Importing Contended.members.trap.gz (559 of 649)
[2022-12-09 05:21:20] Importing DontInline.members.trap.gz (560 of 649)
[2022-12-09 05:21:20] Importing ForceInline.members.trap.gz (561 of 649)
[2022-12-09 05:21:20] Importing Hidden.members.trap.gz (562 of 649)
[2022-12-09 05:21:20] Importing IntrinsicCandidate.members.trap.gz (563 of 649)
[2022-12-09 05:21:20] Importing Stable.members.trap.gz (564 of 649)
[2022-12-09 05:21:20] Importing VectorSupport$BroadcastOperation.members.trap.gz (565 of 649)
[2022-12-09 05:21:20] Importing VectorSupport$IndexOperation.members.trap.gz (566 of 649)
[2022-12-09 05:21:20] Importing VectorSupport$LoadOperation.members.trap.gz (567 of 649)
[2022-12-09 05:21:20] Importing VectorSupport$LoadVectorOperationWithMap.members.trap.gz (568 of 649)
[2022-12-09 05:21:20] Importing VectorSupport$ShuffleIotaOperation.members.trap.gz (569 of 649)
[2022-12-09 05:21:20] Importing VectorSupport$ShuffleToVectorOperation.members.trap.gz (570 of 649)
[2022-12-09 05:21:20] Importing VectorSupport$StoreVectorOperation.members.trap.gz (571 of 649)
[2022-12-09 05:21:20] Importing VectorSupport$StoreVectorOperationWithMap.members.trap.gz (572 of 649)
[2022-12-09 05:21:20] Importing VectorSupport$TernaryOperation.members.trap.gz (573 of 649)
[2022-12-09 05:21:20] Importing VectorSupport$VecExtractOp.members.trap.gz (574 of 649)
[2022-12-09 05:21:20] Importing VectorSupport$VecInsertOp.members.trap.gz (575 of 649)
[2022-12-09 05:21:20] Importing VectorSupport$Vector.members.trap.gz (576 of 649)
[2022-12-09 05:21:20] Importing VectorSupport$VectorBlendOp.members.trap.gz (577 of 649)
[2022-12-09 05:21:20] Importing VectorSupport$VectorBroadcastIntOp.members.trap.gz (578 of 649)
[2022-12-09 05:21:20] Importing VectorSupport$VectorCompareOp.members.trap.gz (579 of 649)
[2022-12-09 05:21:20] Importing VectorSupport$VectorConvertOp.members.trap.gz (580 of 649)
[2022-12-09 05:21:20] Importing VectorSupport$VectorMask.members.trap.gz (581 of 649)
[2022-12-09 05:21:20] Importing VectorSupport$VectorMaskOp.members.trap.gz (582 of 649)
[2022-12-09 05:21:20] Importing VectorSupport$VectorPayload.members.trap.gz (583 of 649)
[2022-12-09 05:21:20] Importing VectorSupport$VectorRearrangeOp.members.trap.gz (584 of 649)
[2022-12-09 05:21:20] Importing VectorSupport$VectorShuffle.members.trap.gz (585 of 649)
[2022-12-09 05:21:20] Importing VectorSupport$VectorSpecies.members.trap.gz (586 of 649)
[2022-12-09 05:21:20] Importing VectorSupport.members.trap.gz (587 of 649)
[2022-12-09 05:21:20] Importing API$Status.members.trap.gz (588 of 649)
[2022-12-09 05:21:20] Importing API.members.trap.gz (589 of 649)
[2022-12-09 05:21:20] Importing Assertions.members.trap.gz (590 of 649)
[2022-12-09 05:21:20] Importing Test.members.trap.gz (591 of 649)
[2022-12-09 05:21:20] Importing Executable.members.trap.gz (592 of 649)
[2022-12-09 05:21:20] Importing ThrowingSupplier.members.trap.gz (593 of 649)
[2022-12-09 05:21:20] Importing Testable.members.trap.gz (594 of 649)
[2022-12-09 05:21:20] Importing MultipleFailuresError.members.trap.gz (595 of 649)
[2022-12-09 05:21:20] Importing Empty.members.trap.gz (596 of 649)
[2022-12-09 05:21:20] Importing Wrapper.members.trap.gz (597 of 649)
[2022-12-09 05:21:20] Importing Interruptible.members.trap.gz (598 of 649)
[2022-12-09 05:21:20] Importing AnnotationType.members.trap.gz (599 of 649)
[2022-12-09 05:21:20] Importing GenericsFactory.members.trap.gz (600 of 649)
[2022-12-09 05:21:20] Importing AbstractRepository.members.trap.gz (601 of 649)
[2022-12-09 05:21:20] Importing ConstructorRepository.members.trap.gz (602 of 649)
[2022-12-09 05:21:20] Importing GenericDeclRepository.members.trap.gz (603 of 649)
[2022-12-09 05:21:20] Importing MethodRepository.members.trap.gz (604 of 649)
[2022-12-09 05:21:20] Importing ArrayTypeSignature.members.trap.gz (605 of 649)
[2022-12-09 05:21:20] Importing BaseType.members.trap.gz (606 of 649)
[2022-12-09 05:21:20] Importing BooleanSignature.members.trap.gz (607 of 649)
[2022-12-09 05:21:20] Importing BottomSignature.members.trap.gz (608 of 649)
[2022-12-09 05:21:20] Importing ByteSignature.members.trap.gz (609 of 649)
[2022-12-09 05:21:20] Importing CharSignature.members.trap.gz (610 of 649)
[2022-12-09 05:21:20] Importing ClassSignature.members.trap.gz (611 of 649)
[2022-12-09 05:21:20] Importing ClassTypeSignature.members.trap.gz (612 of 649)
[2022-12-09 05:21:20] Importing DoubleSignature.members.trap.gz (613 of 649)
[2022-12-09 05:21:20] Importing FieldTypeSignature.members.trap.gz (614 of 649)
[2022-12-09 05:21:20] Importing FloatSignature.members.trap.gz (615 of 649)
[2022-12-09 05:21:20] Importing FormalTypeParameter.members.trap.gz (616 of 649)
[2022-12-09 05:21:20] Importing IntSignature.members.trap.gz (617 of 649)
[2022-12-09 05:21:20] Importing LongSignature.members.trap.gz (618 of 649)
[2022-12-09 05:21:20] Importing MethodTypeSignature.members.trap.gz (619 of 649)
[2022-12-09 05:21:20] Importing ReturnType.members.trap.gz (620 of 649)
[2022-12-09 05:21:20] Importing ShortSignature.members.trap.gz (621 of 649)
[2022-12-09 05:21:20] Importing Signature.members.trap.gz (622 of 649)
[2022-12-09 05:21:20] Importing SimpleClassTypeSignature.members.trap.gz (623 of 649)
[2022-12-09 05:21:20] Importing Tree.members.trap.gz (624 of 649)
[2022-12-09 05:21:20] Importing TypeArgument.members.trap.gz (625 of 649)
[2022-12-09 05:21:20] Importing TypeSignature.members.trap.gz (626 of 649)
[2022-12-09 05:21:20] Importing TypeTree.members.trap.gz (627 of 649)
[2022-12-09 05:21:20] Importing TypeVariableSignature.members.trap.gz (628 of 649)
[2022-12-09 05:21:20] Importing VoidDescriptor.members.trap.gz (629 of 649)
[2022-12-09 05:21:20] Importing Wildcard.members.trap.gz (630 of 649)
[2022-12-09 05:21:20] Importing Reifier.members.trap.gz (631 of 649)
[2022-12-09 05:21:20] Importing TypeTreeVisitor.members.trap.gz (632 of 649)
[2022-12-09 05:21:20] Importing Visitor.members.trap.gz (633 of 649)
[2022-12-09 05:21:20] Importing Debug.members.trap.gz (634 of 649)
[2022-12-09 05:21:20] Importing BaseLocale.members.trap.gz (635 of 649)
[2022-12-09 05:21:20] Importing Extension.members.trap.gz (636 of 649)
[2022-12-09 05:21:20] Importing InternalLocaleBuilder$CaseInsensitiveChar.members.trap.gz (637 of 649)
[2022-12-09 05:21:20] Importing InternalLocaleBuilder$CaseInsensitiveString.members.trap.gz (638 of 649)
[2022-12-09 05:21:20] Importing InternalLocaleBuilder.members.trap.gz (639 of 649)
[2022-12-09 05:21:20] Importing LanguageTag.members.trap.gz (640 of 649)
[2022-12-09 05:21:20] Importing LocaleExtensions.members.trap.gz (641 of 649)
[2022-12-09 05:21:20] Importing LocaleSyntaxException.members.trap.gz (642 of 649)
[2022-12-09 05:21:20] Importing ParseStatus.members.trap.gz (643 of 649)
[2022-12-09 05:21:20] Importing diagnostic.trap.gz (644 of 649)
[2022-12-09 05:21:20] Importing apiguardian-api-1.1.2.jar.trap.gz (645 of 649)
[2022-12-09 05:21:20] Importing junit-jupiter-api-5.8.2.jar.trap.gz (646 of 649)
[2022-12-09 05:21:20] Importing junit-platform-commons-1.8.2.jar.trap.gz (647 of 649)
[2022-12-09 05:21:20] Importing opentest4j-1.2.0.jar.trap.gz (648 of 649)
[2022-12-09 05:21:20] Importing sourceLocationPrefix.trap.gz (649 of 649)
[2022-12-09 05:21:20] Merging 1 fragment for files.
[2022-12-09 05:21:20] Merging 1 fragment for folders.
[2022-12-09 05:21:20] Merging 1 fragment for containerparent.
[2022-12-09 05:21:20] Merging 1 fragment for locations_default.
[2022-12-09 05:21:20] Merging 1 fragment for xmllocations.
[2022-12-09 05:21:20] Merging 1 fragment for xmlNs.
[2022-12-09 05:21:20] Merging 1 fragment for xmlElements.
[2022-12-09 05:21:20] Merging 1 fragment for xmlHasNs.
[2022-12-09 05:21:20] Merging 1 fragment for xmlAttrs.
[2022-12-09 05:21:20] Merging 1 fragment for xmlChars.
[2022-12-09 05:21:20] Merging 1 fragment for numlines.
[2022-12-09 05:21:20] Merging 1 fragment for xmlEncoding.
[2022-12-09 05:21:20] Merging 1 fragment for hasLocation.
[2022-12-09 05:21:20] Merging 1 fragment for packages.
[2022-12-09 05:21:20] Merging 1 fragment for cupackage.
[2022-12-09 05:21:20] Merging 1 fragment for primitives.
[2022-12-09 05:21:20] Merging 1 fragment for arrays.
[2022-12-09 05:21:20] Merging 1 fragment for fields.
[2022-12-09 05:21:20] Merging 1 fragment for modifiers.
[2022-12-09 05:21:20] Merging 1 fragment for hasModifier.
[2022-12-09 05:21:20] Merging 1 fragment for methods.
[2022-12-09 05:21:20] Merging 1 fragment for extendsReftype.
[2022-12-09 05:21:20] Merging 1 fragment for implInterface.
[2022-12-09 05:21:20] Merging 1 fragment for constrs.
[2022-12-09 05:21:20] Merging 1 fragment for isDefConstr.
[2022-12-09 05:21:20] Merging 1 fragment for exprs.
[2022-12-09 05:21:20] Merging 1 fragment for stmts.
[2022-12-09 05:21:20] Merging 1 fragment for callableEnclosingExpr.
[2022-12-09 05:21:20] Merging 1 fragment for statementEnclosingExpr.
[2022-12-09 05:21:20] Merging 1 fragment for variableBinding.
[2022-12-09 05:21:20] Merging 1 fragment for callableBinding.
[2022-12-09 05:21:20] Merging 1 fragment for namestrings.
[2022-12-09 05:21:20] Merging 1 fragment for fielddecls.
[2022-12-09 05:21:20] Merging 1 fragment for fieldDeclaredIn.
[2022-12-09 05:21:20] Merging 1 fragment for localvars.
[2022-12-09 05:21:20] Merging 1 fragment for params.
[2022-12-09 05:21:20] Merging 1 fragment for paramName.
[2022-12-09 05:21:20] Merging 1 fragment for imports.
[2022-12-09 05:21:20] Merging 1 fragment for isParenthesized.
[2022-12-09 05:21:20] Merging 1 fragment for exceptions.
[2022-12-09 05:21:20] Merging 1 fragment for javadoc.
[2022-12-09 05:21:20] Merging 1 fragment for isNormalComment.
[2022-12-09 05:21:20] Merging 1 fragment for isEolComment.
[2022-12-09 05:21:20] Merging 1 fragment for javadocText.
[2022-12-09 05:21:20] Merging 1 fragment for classes.
[2022-12-09 05:21:20] Merging 1 fragment for annotValue.
[2022-12-09 05:21:20] Merging 1 fragment for interfaces.
[2022-12-09 05:21:20] Merging 1 fragment for isAnnotType.
[2022-12-09 05:21:20] Merging 1 fragment for isAnnotElem.
[2022-12-09 05:21:20] Merging 1 fragment for isVarargsParam.
[2022-12-09 05:21:20] Merging 1 fragment for typeArgs.
[2022-12-09 05:21:20] Merging 1 fragment for isParameterized.
[2022-12-09 05:21:20] Merging 1 fragment for erasure.
[2022-12-09 05:21:20] Merging 1 fragment for enclInReftype.
[2022-12-09 05:21:20] Merging 1 fragment for isRaw.
[2022-12-09 05:21:20] Merging 1 fragment for wildcards.
[2022-12-09 05:21:20] Merging 1 fragment for typeBounds.
[2022-12-09 05:21:20] Merging 1 fragment for typeVars.
[2022-12-09 05:21:20] Merging 1 fragment for isEnumType.
[2022-12-09 05:21:20] Merging 1 fragment for isEnumConst.
[2022-12-09 05:21:20] Merging 1 fragment for compilations.
[2022-12-09 05:21:20] Merging 1 fragment for compilation_args.
[2022-12-09 05:21:20] Merging 1 fragment for diagnostic_for.
[2022-12-09 05:21:20] Merging 1 fragment for diagnostics.
[2022-12-09 05:21:20] Merging 1 fragment for compilation_time.
[2022-12-09 05:21:20] Merging 1 fragment for compilation_compiling_files.
[2022-12-09 05:21:20] Merging 1 fragment for compilation_compiling_files_completed.
[2022-12-09 05:21:20] Merging 1 fragment for compilation_finished.
[2022-12-09 05:21:20] Merging 1 fragment for jarManifestMain.
[2022-12-09 05:21:20] Merging 1 fragment for sourceLocationPrefix.
[2022-12-09 05:21:20] Saving string and id pools to disk.
[2022-12-09 05:21:20] Finished importing trap files.
[2022-12-09 05:21:20] Pausing evaluation to close the cache at sequence stamp o+3
[2022-12-09 05:21:20] The disk cache is freshly trimmed; leave it be.
[2022-12-09 05:21:20] Unpausing evaluation
[2022-12-09 05:21:20] Plumbing command codeql dataset import completed.
[2022-12-09 05:21:20] [PROGRESS] database finalize> TRAP import complete (777ms).
[2022-12-09 05:21:20] Running plumbing command: codeql database cleanup --mode=normal -- /Users/tinny/Academics/MastersProject/RunningExample/psychic-signatures-master/codeQLDatabase
[2022-12-09 05:21:20] [PROGRESS] database cleanup> Cleaning up existing TRAP files after import...
[2022-12-09 05:21:20] [PROGRESS] database cleanup> TRAP files cleaned up (127ms).
[2022-12-09 05:21:20] [PROGRESS] database cleanup> Cleaning up scratch directory...
[2022-12-09 05:21:20] [PROGRESS] database cleanup> Scratch directory cleaned up (2ms).
[2022-12-09 05:21:20] Running plumbing command: codeql dataset cleanup --mode=normal -- /Users/tinny/Academics/MastersProject/RunningExample/psychic-signatures-master/codeQLDatabase/db-java
[2022-12-09 05:21:20] [PROGRESS] dataset cleanup> Cleaning up dataset in /Users/tinny/Academics/MastersProject/RunningExample/psychic-signatures-master/codeQLDatabase/db-java.
[2022-12-09 05:21:20] Trimming disk cache at /Users/tinny/Academics/MastersProject/RunningExample/psychic-signatures-master/codeQLDatabase/db-java/default/cache in mode normal.
[2022-12-09 05:21:20] Sequence stamp origin is -6378794029450493400
[2022-12-09 05:21:20] Pausing evaluation to zealously trim disk at sequence stamp o+0
[2022-12-09 05:21:20] Unpausing evaluation
[2022-12-09 05:21:20] Trimming completed (1ms): Trimmed disposable data from cache.
[2022-12-09 05:21:20] Pausing evaluation to close the cache at sequence stamp o+1
[2022-12-09 05:21:20] The disk cache is freshly trimmed; leave it be.
[2022-12-09 05:21:20] Unpausing evaluation
[2022-12-09 05:21:20] [PROGRESS] dataset cleanup> Trimmed disposable data from cache.
[2022-12-09 05:21:20] [PROGRESS] dataset cleanup> Finalizing dataset in /Users/tinny/Academics/MastersProject/RunningExample/psychic-signatures-master/codeQLDatabase/db-java
[2022-12-09 05:21:20] [DETAILS] dataset cleanup> Finished deleting ID pool from /Users/tinny/Academics/MastersProject/RunningExample/psychic-signatures-master/codeQLDatabase/db-java (1ms).
[2022-12-09 05:21:20] Plumbing command codeql dataset cleanup completed.
[2022-12-09 05:21:20] Plumbing command codeql database cleanup completed with status 0.
[2022-12-09 05:21:20] Plumbing command codeql database finalize completed.
[2022-12-09 05:21:20] [PROGRESS] database create> Successfully created database at /Users/tinny/Academics/MastersProject/RunningExample/psychic-signatures-master/codeQLDatabase.
[2022-12-09 05:21:20] Terminating normally.
